<?xml version="1.0" encoding="utf-8"?><testsuites><testsuite name="pytest" errors="0" failures="0" skipped="0" tests="25" time="0.363" timestamp="2026-09-08T10:11:20.005865+05:30" hostname="sukhmangills-MacBook-Air.local"><testcase classname="tests.integration.test_cases" name="test_case_a_has_sixteen_register_rows" time="0.147" /><testcase classname="tests.integration.test_cases" name="test_case_a_disposition_counts" time="0.000" /><testcase classname="tests.integration.test_cases" name="test_case_a_is_declared_synthetic" time="0.000" /><testcase classname="tests.integration.test_cases" name="test_case_a_non_runtime_reason_codes" time="0.000" /><testcase classname="tests.integration.test_cases" name="test_case_a_c_star_membership" time="0.000" /><testcase classname="tests.integration.test_cases" name="test_case_a_gate_sources_match_the_manuscript_table" time="0.000" /><testcase classname="tests.integration.test_cases" name="test_case_a_r04_yields_a_weighted_and_an_advisory_predicate" time="0.000" /><testcase classname="tests.integration.test_cases" name="test_case_a_predicate_multiplicity" time="0.000" /><testcase classname="tests.integration.test_cases" name="test_case_a_mandatory_role_is_recorded_and_distinguishable" time="0.000" /><testcase classname="tests.integration.test_cases" name="test_case_a_r09_predicates_are_structural_not_semantic" time="0.000" /><testcase classname="tests.integration.test_cases" name="test_case_a_r08_warrant_boundary_disclaims_substantive_review" time="0.000" /><testcase classname="tests.integration.test_cases" name="test_case_b_has_six_rows_all_runtime_all_mandatory" time="0.000" /><testcase classname="tests.integration.test_cases" name="test_case_b_gate_sources_are_four_cstar_and_two_other" time="0.000" /><testcase classname="tests.integration.test_cases" name="test_case_b_b04_is_gated_by_class_at_the_bottom_of_the_register" time="0.000" /><testcase classname="tests.integration.test_cases" name="test_case_b_authority_matrix_admits_exactly_one_external_action" time="0.000" /><testcase classname="tests.integration.test_cases" name="test_case_b_is_declared_a_forensic_reconstruction" time="0.000" /><testcase classname="tests.integration.test_cases" name="test_bundle_payload_hash_is_reproducible[case_a]" time="0.005" /><testcase classname="tests.integration.test_cases" name="test_bundle_payload_hash_is_reproducible[case_b]" time="0.002" /><testcase classname="tests.integration.test_cases" name="test_recompiling_gives_the_same_hash[case_a]" time="0.057" /><testcase classname="tests.integration.test_cases" name="test_recompiling_gives_the_same_hash[case_b]" time="0.028" /><testcase classname="tests.integration.test_cases" name="test_catalog_and_cstar_profile_are_inside_the_bundle_hash[case_a]" time="0.001" /><testcase classname="tests.integration.test_cases" name="test_catalog_and_cstar_profile_are_inside_the_bundle_hash[case_b]" time="0.001" /><testcase classname="tests.integration.test_cases" name="test_bundle_inherits_the_assessment_version_binding[case_a]" time="0.000" /><testcase classname="tests.integration.test_cases" name="test_bundle_inherits_the_assessment_version_binding[case_b]" time="0.000" /><testcase classname="tests.integration.test_cases" name="test_committed_case_tree_matches_the_generator" time="0.102" /></testsuite></testsuites>