<?xml version="1.0" encoding="utf-8"?><testsuites><testsuite name="pytest" errors="0" failures="0" skipped="0" tests="16" time="2.719" timestamp="2026-09-08T23:25:29.798169+05:30" hostname="mac.lan"><properties>
[...]
</properties><testcase classname="tests.properties.test_invariants" name="test_total_disposition_is_exactly_one_per_risk" time="0.197" /><testcase classname="tests.properties.test_invariants" name="test_predicate_cardinality_is_independent_of_risk_cardinality" time="0.140" /><testcase classname="tests.properties.test_invariants" name="test_authority_closure_rejects_every_tuple_outside_the_matrix" time="0.108" /><testcase classname="tests.properties.test_invariants" name="test_authority_closure_rejects_unapproved_parameters" time="0.164" /><testcase classname="tests.properties.test_invariants" name="test_mandatory_gate_requires_on_unknown_fail" time="0.010" /><testcase classname="tests.properties.test_invariants" name="test_mandatory_gate_requires_safe_state" time="0.004" /><testcase classname="tests.properties.test_invariants" name="test_unknown_on_a_mandatory_gate_never_resolves_to_pass" time="0.102" /><testcase classname="tests.properties.test_invariants" name="test_c_star_coverage_holds_exactly_when_every_hazardous_path_is_gated" time="0.157" /><testcase classname="tests.properties.test_invariants" name="test_supporting_predicates_never_satisfy_coverage" time="0.133" /><testcase classname="tests.properties.test_invariants" name="test_origin_closure" time="0.249" /><testcase classname="tests.properties.test_invariants" name="test_canonicalization_is_invariant_under_object_key_order" time="0.236" /><testcase classname="tests.properties.test_invariants" name="test_any_payload_edit_changes_the_hash" time="0.358" /><testcase classname="tests.properties.test_invariants" name="test_forbidden_payload_keys_are_always_detected" time="0.474" /><testcase classname="tests.properties.test_invariants" name="test_commit_before_actuate_ordering" time="0.057" /><testcase classname="tests.properties.test_invariants" name="test_valid_at_conjuncts" time="0.180" /><testcase classname="tests.properties.test_invariants" name="test_valid_at_requires_the_payload_hash_to_bind" time="0.118" /></testsuite></testsuites>