<?xml version="1.0" encoding="utf-8"?><testsuites><testsuite name="pytest" errors="0" failures="0" skipped="0" tests="54" time="0.483" timestamp="2026-09-12T12:33:10.709060+05:30" hostname="mac.lan"><testcase classname="tests.integration.test_case_b_v11" name="test_structure_matches_case_b_exactly" time="0.121" /><testcase classname="tests.integration.test_case_b_v11" name="test_schema_version_is_1_1" time="0.000" /><testcase classname="tests.integration.test_case_b_v11" name="test_hash_genuinely_differs_from_case_b_v10" time="0.000" /><testcase classname="tests.integration.test_case_b_v11" name="test_canonical_q1_q10_all_pass_when_signed" time="0.008" /><testcase classname="tests.integration.test_case_b_v11" name="test_b01_state_binding_mismatch_holds_not_denies" time="0.000" /><testcase classname="tests.integration.test_case_b_v11" name="test_b02_concurrence_expiry_denies" time="0.000" /><testcase classname="tests.integration.test_case_b_v11" name="test_b02_concurrence_pending_holds" time="0.000" /><testcase classname="tests.integration.test_case_b_v11" name="test_b06_post_auth_pre_actuation_blocks_release_without_denying_authorization" time="0.000" /><testcase classname="tests.integration.test_case_b_v11" name="test_b03_evaluation_timeout_holds" time="0.000" /><testcase classname="tests.integration.test_case_b_v11" name="test_clean_control_still_permits" time="0.000" /><testcase classname="tests.integration.test_case_c" name="test_case_is_marked_synthetic" time="0.000" /><testcase classname="tests.integration.test_case_c" name="test_structure_matches_the_manuscript_tables_v_vi" time="0.049" /><testcase classname="tests.integration.test_case_c" name="test_thirteen_runtime_three_nonruntime_dispositions" time="0.000" /><testcase classname="tests.integration.test_case_c" name="test_c06_c07_are_cstar_by_severity_but_exempt_from_coverage_via_rc06" time="0.000" /><testcase classname="tests.integration.test_case_c" name="test_seven_runtime_rows_are_cstar_classified" time="0.000" /><testcase classname="tests.integration.test_case_c" name="test_bundle_validates_against_schema" time="0.016" /><testcase classname="tests.integration.test_case_c" name="test_hash_matches_reference" time="0.000" /><testcase classname="tests.integration.test_case_c" name="test_canonical_q1_q10_all_pass_when_signed" time="0.011" /><testcase classname="tests.integration.test_case_c" name="test_clean_control_permits" time="0.000" /><testcase classname="tests.integration.test_case_c" name="test_c02_state_binding_mismatch_holds" time="0.000" /><testcase classname="tests.integration.test_case_c" name="test_c04_concurrence_pending_holds" time="0.000" /><testcase classname="tests.integration.test_case_c" name="test_c04_concurrence_expiry_denies" time="0.000" /><testcase classname="tests.integration.test_case_c" name="test_c14_evaluation_timeout_holds" time="0.000" /><testcase classname="tests.integration.test_case_c" name="test_c15_post_event_audit_excluded_from_authorization" time="0.000" /><testcase classname="tests.integration.test_case_c" name="test_c01_known_contraindication_denies" time="0.000" /><testcase classname="tests.integration.test_case_c" name="test_a1_actor_scope_revocation_over_case_c_actuation" time="0.001" /><testcase classname="tests.integration.test_case_c" name="test_a2_safety_event_correlates_to_case_c_bundle" time="0.000" /><testcase classname="tests.integration.test_case_c" name="test_a3_delegated_subtask_containment" time="0.000" /><testcase classname="tests.integration.test_case_c" name="test_a4_human_response_required_for_c08_guidance" time="0.000" /><testcase classname="tests.integration.test_cases" name="test_case_a_has_sixteen_register_rows" time="0.000" /><testcase classname="tests.integration.test_cases" name="test_case_a_disposition_counts" time="0.000" /><testcase classname="tests.integration.test_cases" name="test_case_a_is_declared_synthetic" time="0.000" /><testcase classname="tests.integration.test_cases" name="test_case_a_non_runtime_reason_codes" time="0.000" /><testcase classname="tests.integration.test_cases" name="test_case_a_c_star_membership" time="0.000" /><testcase classname="tests.integration.test_cases" name="test_case_a_gate_sources_match_the_manuscript_table" time="0.000" /><testcase classname="tests.integration.test_cases" name="test_case_a_r04_yields_a_weighted_and_an_advisory_predicate" time="0.000" /><testcase classname="tests.integration.test_cases" name="test_case_a_predicate_multiplicity" time="0.000" /><testcase classname="tests.integration.test_cases" name="test_case_a_mandatory_role_is_recorded_and_distinguishable" time="0.000" /><testcase classname="tests.integration.test_cases" name="test_case_a_r09_predicates_are_structural_not_semantic" time="0.000" /><testcase classname="tests.integration.test_cases" name="test_case_a_r08_warrant_boundary_disclaims_substantive_review" time="0.000" /><testcase classname="tests.integration.test_cases" name="test_case_b_has_six_rows_all_runtime_all_mandatory" time="0.000" /><testcase classname="tests.integration.test_cases" name="test_case_b_gate_sources_are_four_cstar_and_two_other" time="0.000" /><testcase classname="tests.integration.test_cases" name="test_case_b_b04_is_gated_by_class_at_the_bottom_of_the_register" time="0.000" /><testcase classname="tests.integration.test_cases" name="test_case_b_authority_matrix_admits_exactly_one_external_action" time="0.000" /><testcase classname="tests.integration.test_cases" name="test_case_b_is_declared_a_forensic_reconstruction" time="0.000" /><testcase classname="tests.integration.test_cases" name="test_bundle_payload_hash_is_reproducible[case_a]" time="0.005" /><testcase classname="tests.integration.test_cases" name="test_bundle_payload_hash_is_reproducible[case_b]" time="0.002" /><testcase classname="tests.integration.test_cases" name="test_recompiling_gives_the_same_hash[case_a]" time="0.057" /><testcase classname="tests.integration.test_cases" name="test_recompiling_gives_the_same_hash[case_b]" time="0.028" /><testcase classname="tests.integration.test_cases" name="test_catalog_and_cstar_profile_are_inside_the_bundle_hash[case_a]" time="0.001" /><testcase classname="tests.integration.test_cases" name="test_catalog_and_cstar_profile_are_inside_the_bundle_hash[case_b]" time="0.001" /><testcase classname="tests.integration.test_cases" name="test_bundle_inherits_the_assessment_version_binding[case_a]" time="0.000" /><testcase classname="tests.integration.test_cases" name="test_bundle_inherits_the_assessment_version_binding[case_b]" time="0.000" /><testcase classname="tests.integration.test_cases" name="test_committed_case_tree_matches_the_generator" time="0.102" /></testsuite></testsuites>