<?xml version="1.0" encoding="utf-8"?><testsuites><testsuite name="pytest" errors="0" failures="0" skipped="0" tests="188" time="1.989" timestamp="2026-09-12T12:33:00.372897+05:30" hostname="mac.lan"><testcase classname="tests.unit.test_core" name="test_reason_codes_are_closed_at_v1_and_match_the_manuscript" time="0.000" /><testcase classname="tests.unit.test_core" name="test_wc01_is_a_warning_code_not_a_reason_code" time="0.000" /><testcase classname="tests.unit.test_core" name="test_evaluation_basis_is_the_closed_set_of_four" time="0.000" /><testcase classname="tests.unit.test_core" name="test_gate_vocabularies" time="0.000" /><testcase classname="tests.unit.test_core" name="test_c_star_base_profile_is_the_four_manuscript_kinds" time="0.000" /><testcase classname="tests.unit.test_core" name="test_case_profiles_are_the_base_profile[case_a]" time="0.135" /><testcase classname="tests.unit.test_core" name="test_case_profiles_are_the_base_profile[case_b]" time="0.000" /><testcase classname="tests.unit.test_core" name="test_materiality_qualifies_c_star_membership" time="0.000" /><testcase classname="tests.unit.test_core" name="test_unknown_materiality_is_rejected_not_silently_treated_as_low" time="0.000" /><testcase classname="tests.unit.test_core" name="test_catalog_lookup_is_exact_and_has_no_fallback" time="0.000" /><testcase classname="tests.unit.test_core" name="test_payload_carries_no_timestamp_nonce_or_lifecycle_field[case_a]" time="0.001" /><testcase classname="tests.unit.test_core" name="test_payload_carries_no_timestamp_nonce_or_lifecycle_field[case_b]" time="0.000" /><testcase classname="tests.unit.test_core" name="test_signature_envelope_lives_outside_the_hashed_payload[case_a]" time="0.014" /><testcase classname="tests.unit.test_core" name="test_signature_envelope_lives_outside_the_hashed_payload[case_b]" time="0.007" /><testcase classname="tests.unit.test_core" name="test_two_signings_differ_in_envelope_but_not_in_payload_hash[case_a]" time="0.019" /><testcase classname="tests.unit.test_core" name="test_two_signings_differ_in_envelope_but_not_in_payload_hash[case_b]" time="0.010" /><testcase classname="tests.unit.test_core" name="test_compiled_predicate_validity_carries_effective_from_only[case_a]" time="0.000" /><testcase classname="tests.unit.test_core" name="test_compiled_predicate_validity_carries_effective_from_only[case_b]" time="0.000" /><testcase classname="tests.unit.test_core" name="test_totality_is_asserted_over_dispositions_not_predicate_cardinality" time="0.000" /><testcase classname="tests.unit.test_core" name="test_non_runtime_records_need_no_action_or_gate_fields" time="0.000" /><testcase classname="tests.unit.test_core" name="test_every_predicate_has_an_authorized_origin[case_a]" time="0.000" /><testcase classname="tests.unit.test_core" name="test_every_predicate_has_an_authorized_origin[case_b]" time="0.000" /><testcase classname="tests.unit.test_core" name="test_the_three_manuscript_invariants_are_present[case_a]" time="0.000" /><testcase classname="tests.unit.test_core" name="test_the_three_manuscript_invariants_are_present[case_b]" time="0.000" /><testcase classname="tests.unit.test_core" name="test_register_row_and_coinciding_invariant_keep_distinct_origins" time="0.000" /><testcase classname="tests.unit.test_core" name="test_every_mandatory_gate_fails_closed_on_unknown[case_a]" time="0.000" /><testcase classname="tests.unit.test_core" name="test_every_mandatory_gate_fails_closed_on_unknown[case_b]" time="0.000" /><testcase classname="tests.unit.test_core" name="test_non_mandatory_conditions_may_warn_on_unknown" time="0.000" /><testcase classname="tests.unit.test_core" name="test_every_numeric_condition_carries_a_complete_threshold_contract[case_a]" time="0.000" /><testcase classname="tests.unit.test_core" name="test_every_numeric_condition_carries_a_complete_threshold_contract[case_b]" time="0.000" /><testcase classname="tests.unit.test_core" name="test_threshold_authority_is_separated_from_evaluation[case_a]" time="0.000" /><testcase classname="tests.unit.test_core" name="test_threshold_authority_is_separated_from_evaluation[case_b]" time="0.000" /><testcase classname="tests.unit.test_core" name="test_weighted_predicates_carry_a_complete_aggregation_block" time="0.000" /><testcase classname="tests.unit.test_core" name="test_mandatory_failure_outranks_everything" time="0.000" /><testcase classname="tests.unit.test_core" name="test_weighted_or_advisory_never_overrides_a_mandatory_pass" time="0.000" /><testcase classname="tests.unit.test_core" name="test_unknown_evidence_on_a_mandatory_gate_produces_safe_state" time="0.000" /><testcase classname="tests.unit.test_core" name="test_conflicting_mandatory_policies_without_precedence_are_indeterminate" time="0.002" /><testcase classname="tests.unit.test_core" name="test_commit_before_actuate_is_strict_on_the_second_inequality" time="0.000" /><testcase classname="tests.unit.test_core" name="test_local_time_offsets_are_rejected" time="0.000" /><testcase classname="tests.unit.test_core" name="test_valid_at_six_scenarios" time="0.040" /><testcase classname="tests.unit.test_core" name="test_lifecycle_actions_are_the_three_manuscript_actions" time="0.000" /><testcase classname="tests.unit.test_core" name="test_supersede_requires_a_successor_hash" time="0.000" /><testcase classname="tests.unit.test_core" name="test_a_bundle_signature_cannot_be_replayed_as_a_lifecycle_signature" time="0.009" /><testcase classname="tests.unit.test_core" name="test_verification_detects_a_flipped_payload_bit" time="0.015" /><testcase classname="tests.unit.test_core" name="test_catalog_entry_order_does_not_reach_the_bundle_hash[case_a]" time="0.001" /><testcase classname="tests.unit.test_core" name="test_catalog_entry_order_does_not_reach_the_bundle_hash[case_b]" time="0.001" /><testcase classname="tests.unit.test_core" name="test_cstar_member_kind_order_does_not_reach_the_bundle_hash[case_a]" time="0.000" /><testcase classname="tests.unit.test_core" name="test_cstar_member_kind_order_does_not_reach_the_bundle_hash[case_b]" time="0.000" /><testcase classname="tests.unit.test_core" name="test_signature_envelope_is_excluded_from_the_catalog_content_hash[case_a]" time="0.000" /><testcase classname="tests.unit.test_core" name="test_signature_envelope_is_excluded_from_the_catalog_content_hash[case_b]" time="0.000" /><testcase classname="tests.unit.test_core" name="test_input_array_order_does_not_change_the_payload_hash[case_a]" time="0.046" /><testcase classname="tests.unit.test_core" name="test_input_array_order_does_not_change_the_payload_hash[case_b]" time="0.022" /><testcase classname="tests.unit.test_result_display" name="test_known_frozen_values" time="0.029" /><testcase classname="tests.unit.test_result_display" name="test_json_cli" time="0.068" /><testcase classname="tests.unit.test_result_display" name="test_text_sections" time="0.027" /><testcase classname="tests.unit.test_result_display" name="test_corrupt_source_fails[metrics.json]" time="0.043" /><testcase classname="tests.unit.test_result_display" name="test_corrupt_source_fails[monte_carlo_summary.json]" time="0.040" /><testcase classname="tests.unit.test_result_display" name="test_corrupt_source_fails[property_tests.json]" time="0.041" /><testcase classname="tests.unit.test_result_display" name="test_corrupt_source_fails[freeze_verification.json]" time="0.041" /><testcase classname="tests.unit.test_result_display" name="test_missing_evidence_fails" time="0.034" /><testcase classname="tests.unit.test_result_display" name="test_missing_ci_leg_fails" time="0.038" /><testcase classname="tests.unit.test_result_display" name="test_stale_readme_is_nonmutating" time="0.066" /><testcase classname="tests.unit.test_result_display" name="test_updater_preserves_every_byte_outside_markers" time="0.112" /><testcase classname="tests.unit.test_result_display" name="test_invalid_markers_rejected[]" time="0.000" /><testcase classname="tests.unit.test_result_display" name="test_invalid_markers_rejected[&lt;!-- END AUTO-GENERATED MEASURED RESULTS --&gt;&lt;!-- BEGIN AUTO-GENERATED MEASURED RESULTS --&gt;]" time="0.000" /><testcase classname="tests.unit.test_result_display" name="test_invalid_markers_rejected[&lt;!-- BEGIN AUTO-GENERATED MEASURED RESULTS --&gt;&lt;!-- BEGIN AUTO-GENERATED MEASURED RESULTS --&gt;&lt;!-- END AUTO-GENERATED MEASURED RESULTS --&gt;]" time="0.000" /><testcase classname="tests.unit.test_result_display" name="test_provenance_document_matches_loader" time="0.026" /><testcase classname="tests.unit.test_result_display" name="test_redirected_text_preserves_unicode_under_ascii_locale" time="0.065" /><testcase classname="tests.unit.test_rfc8785" name="test_rfc8785_section_323_worked_example_key_order" time="0.000" /><testcase classname="tests.unit.test_rfc8785" name="test_ascii_keys_sort_by_code_unit" time="0.000" /><testcase classname="tests.unit.test_rfc8785" name="test_nested_objects_are_sorted_recursively" time="0.000" /><testcase classname="tests.unit.test_rfc8785" name="test_array_order_is_preserved_by_jcs" time="0.000" /><testcase classname="tests.unit.test_rfc8785" name="test_string_escaping[\x08-&quot;\\b&quot;]" time="0.000" /><testcase classname="tests.unit.test_rfc8785" name="test_string_escaping[\t-&quot;\\t&quot;]" time="0.000" /><testcase classname="tests.unit.test_rfc8785" name="test_string_escaping[\n-&quot;\\n&quot;]" time="0.000" /><testcase classname="tests.unit.test_rfc8785" name="test_string_escaping[\x0c-&quot;\\f&quot;]" time="0.000" /><testcase classname="tests.unit.test_rfc8785" name="test_string_escaping[\r-&quot;\\r&quot;]" time="0.000" /><testcase classname="tests.unit.test_rfc8785" name="test_string_escaping[&quot;-&quot;\\&quot;&quot;]" time="0.000" /><testcase classname="tests.unit.test_rfc8785" name="test_string_escaping[\\-&quot;\\\\&quot;]" time="0.000" /><testcase classname="tests.unit.test_rfc8785" name="test_string_escaping[\x00-&quot;\\u0000&quot;]" time="0.000" /><testcase classname="tests.unit.test_rfc8785" name="test_string_escaping[\x07-&quot;\\u0007&quot;]" time="0.000" /><testcase classname="tests.unit.test_rfc8785" name="test_string_escaping[\x1f-&quot;\\u001f&quot;]" time="0.000" /><testcase classname="tests.unit.test_rfc8785" name="test_string_escaping[ -&quot; &quot;]" time="0.000" /><testcase classname="tests.unit.test_rfc8785" name="test_string_escaping[/-&quot;/&quot;]" time="0.000" /><testcase classname="tests.unit.test_rfc8785" name="test_string_escaping[-&quot;&quot;]" time="0.000" /><testcase classname="tests.unit.test_rfc8785" name="test_string_escaping[\xe9-&quot;\xe9&quot;]" time="0.000" /><testcase classname="tests.unit.test_rfc8785" name="test_string_escaping[\x80-&quot;\x80&quot;]" time="0.000" /><testcase classname="tests.unit.test_rfc8785" name="test_output_is_utf8_without_bom" time="0.000" /><testcase classname="tests.unit.test_rfc8785" name="test_es6_number_to_string[0-0]" time="0.000" /><testcase classname="tests.unit.test_rfc8785" name="test_es6_number_to_string[0.0-0]" time="0.000" /><testcase classname="tests.unit.test_rfc8785" name="test_es6_number_to_string[-0.0-0]" time="0.000" /><testcase classname="tests.unit.test_rfc8785" name="test_es6_number_to_string[1-1]" time="0.000" /><testcase classname="tests.unit.test_rfc8785" name="test_es6_number_to_string[-1--1]" time="0.000" /><testcase classname="tests.unit.test_rfc8785" name="test_es6_number_to_string[1.0-1]" time="0.000" /><testcase classname="tests.unit.test_rfc8785" name="test_es6_number_to_string[1.5-1.5]" time="0.000" /><testcase classname="tests.unit.test_rfc8785" name="test_es6_number_to_string[-1.5--1.5]" time="0.000" /><testcase classname="tests.unit.test_rfc8785" name="test_es6_number_to_string[1e+21-1e+21]" time="0.000" /><testcase classname="tests.unit.test_rfc8785" name="test_es6_number_to_string[1e+20-100000000000000000000]" time="0.000" /><testcase classname="tests.unit.test_rfc8785" name="test_es6_number_to_string[1e-06-0.000001]" time="0.000" /><testcase classname="tests.unit.test_rfc8785" name="test_es6_number_to_string[1e-07-1e-7]" time="0.000" /><testcase classname="tests.unit.test_rfc8785" name="test_es6_number_to_string[5e-324-5e-324]" time="0.000" /><testcase classname="tests.unit.test_rfc8785" name="test_es6_number_to_string[1.7976931348623157e+308-1.7976931348623157e+308]" time="0.000" /><testcase classname="tests.unit.test_rfc8785" name="test_es6_number_to_string[9007199254740992.0-9007199254740992]" time="0.000" /><testcase classname="tests.unit.test_rfc8785" name="test_es6_number_to_string[333333333.3333333-333333333.3333333]" time="0.000" /><testcase classname="tests.unit.test_rfc8785" name="test_es6_number_to_string[2.2250738585072014e-308-2.2250738585072014e-308]" time="0.000" /><testcase classname="tests.unit.test_rfc8785" name="test_es6_number_to_string[1.1-1.1]" time="0.000" /><testcase classname="tests.unit.test_rfc8785" name="test_es6_number_to_string[100.0-100]" time="0.000" /><testcase classname="tests.unit.test_rfc8785" name="test_es6_number_to_string[-1e-07--1e-7]" time="0.000" /><testcase classname="tests.unit.test_rfc8785" name="test_numbers_round_trip_through_python_float" time="0.000" /><testcase classname="tests.unit.test_rfc8785" name="test_nan_and_infinity_are_rejected" time="0.000" /><testcase classname="tests.unit.test_rfc8785" name="test_non_string_keys_are_rejected" time="0.000" /><testcase classname="tests.unit.test_rfc8785" name="test_unrepresentable_types_are_rejected" time="0.000" /><testcase classname="tests.unit.test_rfc8785" name="test_oversized_integers_are_rejected" time="0.000" /><testcase classname="tests.unit.test_rfc8785" name="test_booleans_are_not_numbers" time="0.000" /><testcase classname="tests.unit.test_rfc8785" name="test_hash_is_stable_under_key_insertion_order" time="0.000" /><testcase classname="tests.unit.test_rfc8785" name="test_hash_is_sha256_of_canonical_bytes" time="0.000" /><testcase classname="tests.unit.test_v1_1" name="test_safe_state_of_is_the_single_formula" time="0.000" /><testcase classname="tests.unit.test_v1_1" name="test_safe_state_of_rejects_outside_the_closed_decision_set" time="0.000" /><testcase classname="tests.unit.test_v1_1" name="test_decisions_vocabulary_is_exactly_three" time="0.000" /><testcase classname="tests.unit.test_v1_1" name="test_canonical_q1_q10_all_pass_on_the_real_case_a_bundle" time="0.015" /><testcase classname="tests.unit.test_v1_1" name="test_canonical_q1_q10_all_pass_on_the_real_case_b_bundle" time="0.007" /><testcase classname="tests.unit.test_v1_1" name="test_q9_with_the_real_catalog_is_a_strong_check_not_the_fallback" time="0.000" /><testcase classname="tests.unit.test_v1_1" name="test_every_negative_fixture_is_detected_by_its_targeted_query[negative_q10_multiple_violations]" time="0.026" /><testcase classname="tests.unit.test_v1_1" name="test_every_negative_fixture_is_detected_by_its_targeted_query[negative_q10_not_fail_closed]" time="0.023" /><testcase classname="tests.unit.test_v1_1" name="test_every_negative_fixture_is_detected_by_its_targeted_query[negative_q1_undisposed_obligation]" time="0.021" /><testcase classname="tests.unit.test_v1_1" name="test_every_negative_fixture_is_detected_by_its_targeted_query[negative_q2_duplicate_disposition]" time="0.021" /><testcase classname="tests.unit.test_v1_1" name="test_every_negative_fixture_is_detected_by_its_targeted_query[negative_q3_acs_id_not_disposed]" time="0.021" /><testcase classname="tests.unit.test_v1_1" name="test_every_negative_fixture_is_detected_by_its_targeted_query[negative_q3_unknown_origin_type]" time="0.021" /><testcase classname="tests.unit.test_v1_1" name="test_every_negative_fixture_is_detected_by_its_targeted_query[negative_q4_invalid_effective_from]" time="0.021" /><testcase classname="tests.unit.test_v1_1" name="test_every_negative_fixture_is_detected_by_its_targeted_query[negative_q4_invalid_hash]" time="0.016" /><testcase classname="tests.unit.test_v1_1" name="test_every_negative_fixture_is_detected_by_its_targeted_query[negative_q4_stale_hash]" time="0.029" /><testcase classname="tests.unit.test_v1_1" name="test_every_negative_fixture_is_detected_by_its_targeted_query[negative_q5_permit_eligibility_mismatch]" time="0.021" /><testcase classname="tests.unit.test_v1_1" name="test_every_negative_fixture_is_detected_by_its_targeted_query[negative_q5_timeout_response_not_hold]" time="0.021" /><testcase classname="tests.unit.test_v1_1" name="test_every_negative_fixture_is_detected_by_its_targeted_query[negative_q6_envelope_hash_mismatch]" time="0.021" /><testcase classname="tests.unit.test_v1_1" name="test_every_negative_fixture_is_detected_by_its_targeted_query[negative_q6_missing_envelope]" time="0.021" /><testcase classname="tests.unit.test_v1_1" name="test_every_negative_fixture_is_detected_by_its_targeted_query[negative_q7_compiler_invariant_only]" time="0.021" /><testcase classname="tests.unit.test_v1_1" name="test_every_negative_fixture_is_detected_by_its_targeted_query[negative_q7_missing_predicate]" time="0.021" /><testcase classname="tests.unit.test_v1_1" name="test_every_negative_fixture_is_detected_by_its_targeted_query[negative_q8_missing_predicate_reference]" time="0.021" /><testcase classname="tests.unit.test_v1_1" name="test_every_negative_fixture_is_detected_by_its_targeted_query[negative_q8_unused_decisive_predicate]" time="0.022" /><testcase classname="tests.unit.test_v1_1" name="test_every_negative_fixture_is_detected_by_its_targeted_query[negative_q9_empty_producer]" time="0.021" /><testcase classname="tests.unit.test_v1_1" name="test_every_negative_fixture_is_detected_by_its_targeted_query[negative_q9_invalid_producer]" time="0.021" /><testcase classname="tests.unit.test_v1_1" name="test_negative_fixtures_do_not_silently_reuse_the_invented_shape" time="0.000" /><testcase classname="tests.unit.test_v1_1" name="test_a_genuinely_clean_bundle_still_passes_after_negative_fixture_generation" time="0.024" /><testcase classname="tests.unit.test_v1_1" name="test_v10_predicate_with_no_v11_field_behaves_exactly_as_before" time="0.000" /><testcase classname="tests.unit.test_v1_1" name="test_evaluation_timeout_forces_hold_never_a_partial_permit" time="0.001" /><testcase classname="tests.unit.test_v1_1" name="test_state_binding_mismatch_is_hold_not_denial_of_the_predicates_own_outcome" time="0.001" /><testcase classname="tests.unit.test_v1_1" name="test_state_binding_match_permits_normally" time="0.001" /><testcase classname="tests.unit.test_v1_1" name="test_concurrence_pending_is_hold" time="0.001" /><testcase classname="tests.unit.test_v1_1" name="test_concurrence_window_expiry_is_deny_never_a_timeout" time="0.001" /><testcase classname="tests.unit.test_v1_1" name="test_concurrence_satisfied_permits" time="0.001" /><testcase classname="tests.unit.test_v1_1" name="test_post_auth_pre_actuation_blocks_release_without_denying_authorization" time="0.001" /><testcase classname="tests.unit.test_v1_1" name="test_post_auth_predicate_excluded_from_permit_aggregate_when_it_would_have_failed" time="0.001" /><testcase classname="tests.unit.test_v1_1" name="test_unknown_predicate_in_evaluations_raises" time="0.000" /><testcase classname="tests.unit.test_v1_1" name="test_a1_detects_actuation_after_revocation" time="0.000" /><testcase classname="tests.unit.test_v1_1" name="test_a1_permits_actuation_before_revocation" time="0.000" /><testcase classname="tests.unit.test_v1_1" name="test_a2_detects_correlation_to_the_wrong_bundle" time="0.000" /><testcase classname="tests.unit.test_v1_1" name="test_a2_accepts_correctly_correlated_event" time="0.000" /><testcase classname="tests.unit.test_v1_1" name="test_a2_missing_correlation_detected" time="0.000" /><testcase classname="tests.unit.test_v1_1" name="test_a3_rejects_identical_child_as_not_a_delegation" time="0.000" /><testcase classname="tests.unit.test_v1_1" name="test_a3_rejects_child_wider_than_parent" time="0.000" /><testcase classname="tests.unit.test_v1_1" name="test_a3_accepts_a_genuinely_narrower_child" time="0.000" /><testcase classname="tests.unit.test_v1_1" name="test_a4_detects_missing_human_response" time="0.000" /><testcase classname="tests.unit.test_v1_1" name="test_a4_optional_response_policy_needs_no_response" time="0.000" /><testcase classname="tests.unit.test_v1_1" name="test_run_all_auxiliary_checks_reports_not_applicable_when_evidence_absent" time="0.000" /><testcase classname="tests.unit.test_verify_reported_results" name="test_map_exists_and_is_populated" time="0.000" /><testcase classname="tests.unit.test_verify_reported_results" name="test_every_entry_is_fully_specified" time="0.000" /><testcase classname="tests.unit.test_verify_reported_results" name="test_entry_ids_are_unique" time="0.000" /><testcase classname="tests.unit.test_verify_reported_results" name="test_every_result_file_exists" time="0.000" /><testcase classname="tests.unit.test_verify_reported_results" name="test_deferred_quantities_carry_no_value" time="0.000" /><testcase classname="tests.unit.test_verify_reported_results" name="test_verifier_passes_on_the_committed_evidence" time="0.024" /><testcase classname="tests.unit.test_verify_reported_results" name="test_verifier_json_mode_is_wellformed" time="0.023" /><testcase classname="tests.unit.test_verify_reported_results" name="test_missing_map_exits_two" time="0.003" /><testcase classname="tests.unit.test_verify_reported_results" name="test_verifier_fails_when_a_reported_value_is_wrong[TD-0.999]" time="0.023" /><testcase classname="tests.unit.test_verify_reported_results" name="test_verifier_fails_when_a_reported_value_is_wrong[DC-A-0.9]" time="0.024" /><testcase classname="tests.unit.test_verify_reported_results" name="test_verifier_fails_when_a_reported_value_is_wrong[GDMIN-A-4]" time="0.025" /><testcase classname="tests.unit.test_verify_reported_results" name="test_verifier_fails_when_a_reported_value_is_wrong[MC-FPHEAT-0.321]" time="0.026" /><testcase classname="tests.unit.test_verify_reported_results" name="test_verifier_fails_when_a_reported_value_is_wrong[MC-K-100000]" time="0.026" /><testcase classname="tests.unit.test_verify_reported_results" name="test_verifier_fails_when_a_reported_value_is_wrong[H-A-0000000000000000000000000000000000000000000000000000000000000000]" time="0.025" /><testcase classname="tests.unit.test_verify_reported_results" name="test_verifier_fails_when_a_reported_value_is_wrong[ADV-61]" time="0.023" /><testcase classname="tests.unit.test_verify_reported_results" name="test_verifier_fails_when_a_reported_value_is_wrong[TRACE-CLEAN-False]" time="0.023" /><testcase classname="tests.unit.test_verify_reported_results" name="test_verifier_fails_on_an_unknown_field" time="0.024" /><testcase classname="tests.unit.test_verify_reported_results" name="test_verifier_fails_on_a_missing_result_file" time="0.023" /><testcase classname="tests.unit.test_verify_reported_results" name="test_cross_checks_catch_a_tampered_payload_hash" time="0.080" /><testcase classname="tests.unit.test_verify_reported_results" name="test_cross_checks_pass_on_the_untouched_repository" time="0.021" /><testcase classname="tests.unit.test_verify_reported_results" name="test_command_line_entry_point_succeeds" time="0.059" /><testcase classname="tests.unit.test_verify_reported_results" name="test_missing_git_tag_is_skipped_not_failed" time="0.002" /><testcase classname="tests.unit.test_verify_reported_results" name="test_wrong_git_tag_commit_still_fails" time="0.002" /><testcase classname="tests.unit.test_verify_reported_results" name="test_json_mode_reports_skips_separately" time="0.024" /></testsuite></testsuites>