<?xml version="1.0" encoding="utf-8"?><testsuites><testsuite name="pytest" errors="0" failures="0" skipped="0" tests="100" time="0.376" timestamp="2026-09-08T23:31:57.410237+05:30" hostname="mac.lan"><testcase classname="tests.unit.test_core" name="test_reason_codes_are_closed_at_v1_and_match_the_manuscript" time="0.000" /><testcase classname="tests.unit.test_core" name="test_wc01_is_a_warning_code_not_a_reason_code" time="0.000" /><testcase classname="tests.unit.test_core" name="test_evaluation_basis_is_the_closed_set_of_four" time="0.000" /><testcase classname="tests.unit.test_core" name="test_gate_vocabularies" time="0.000" /><testcase classname="tests.unit.test_core" name="test_c_star_base_profile_is_the_four_manuscript_kinds" time="0.000" /><testcase classname="tests.unit.test_core" name="test_case_profiles_are_the_base_profile[case_a]" time="0.138" /><testcase classname="tests.unit.test_core" name="test_case_profiles_are_the_base_profile[case_b]" time="0.000" /><testcase classname="tests.unit.test_core" name="test_materiality_qualifies_c_star_membership" time="0.000" /><testcase classname="tests.unit.test_core" name="test_unknown_materiality_is_rejected_not_silently_treated_as_low" time="0.000" /><testcase classname="tests.unit.test_core" name="test_catalog_lookup_is_exact_and_has_no_fallback" time="0.000" /><testcase classname="tests.unit.test_core" name="test_payload_carries_no_timestamp_nonce_or_lifecycle_field[case_a]" time="0.001" /><testcase classname="tests.unit.test_core" name="test_payload_carries_no_timestamp_nonce_or_lifecycle_field[case_b]" time="0.000" /><testcase classname="tests.unit.test_core" name="test_signature_envelope_lives_outside_the_hashed_payload[case_a]" time="0.014" /><testcase classname="tests.unit.test_core" name="test_signature_envelope_lives_outside_the_hashed_payload[case_b]" time="0.007" /><testcase classname="tests.unit.test_core" name="test_two_signings_differ_in_envelope_but_not_in_payload_hash[case_a]" time="0.019" /><testcase classname="tests.unit.test_core" name="test_two_signings_differ_in_envelope_but_not_in_payload_hash[case_b]" time="0.010" /><testcase classname="tests.unit.test_core" name="test_compiled_predicate_validity_carries_effective_from_only[case_a]" time="0.000" /><testcase classname="tests.unit.test_core" name="test_compiled_predicate_validity_carries_effective_from_only[case_b]" time="0.000" /><testcase classname="tests.unit.test_core" name="test_totality_is_asserted_over_dispositions_not_predicate_cardinality" time="0.000" /><testcase classname="tests.unit.test_core" name="test_non_runtime_records_need_no_action_or_gate_fields" time="0.000" /><testcase classname="tests.unit.test_core" name="test_every_predicate_has_an_authorized_origin[case_a]" time="0.000" /><testcase classname="tests.unit.test_core" name="test_every_predicate_has_an_authorized_origin[case_b]" time="0.000" /><testcase classname="tests.unit.test_core" name="test_the_three_manuscript_invariants_are_present[case_a]" time="0.000" /><testcase classname="tests.unit.test_core" name="test_the_three_manuscript_invariants_are_present[case_b]" time="0.000" /><testcase classname="tests.unit.test_core" name="test_register_row_and_coinciding_invariant_keep_distinct_origins" time="0.000" /><testcase classname="tests.unit.test_core" name="test_every_mandatory_gate_fails_closed_on_unknown[case_a]" time="0.000" /><testcase classname="tests.unit.test_core" name="test_every_mandatory_gate_fails_closed_on_unknown[case_b]" time="0.000" /><testcase classname="tests.unit.test_core" name="test_non_mandatory_conditions_may_warn_on_unknown" time="0.000" /><testcase classname="tests.unit.test_core" name="test_every_numeric_condition_carries_a_complete_threshold_contract[case_a]" time="0.000" /><testcase classname="tests.unit.test_core" name="test_every_numeric_condition_carries_a_complete_threshold_contract[case_b]" time="0.000" /><testcase classname="tests.unit.test_core" name="test_threshold_authority_is_separated_from_evaluation[case_a]" time="0.000" /><testcase classname="tests.unit.test_core" name="test_threshold_authority_is_separated_from_evaluation[case_b]" time="0.000" /><testcase classname="tests.unit.test_core" name="test_weighted_predicates_carry_a_complete_aggregation_block" time="0.000" /><testcase classname="tests.unit.test_core" name="test_mandatory_failure_outranks_everything" time="0.003" /><testcase classname="tests.unit.test_core" name="test_weighted_or_advisory_never_overrides_a_mandatory_pass" time="0.000" /><testcase classname="tests.unit.test_core" name="test_unknown_evidence_on_a_mandatory_gate_produces_safe_state" time="0.000" /><testcase classname="tests.unit.test_core" name="test_conflicting_mandatory_policies_without_precedence_are_indeterminate" time="0.001" /><testcase classname="tests.unit.test_core" name="test_commit_before_actuate_is_strict_on_the_second_inequality" time="0.000" /><testcase classname="tests.unit.test_core" name="test_local_time_offsets_are_rejected" time="0.000" /><testcase classname="tests.unit.test_core" name="test_valid_at_six_scenarios" time="0.029" /><testcase classname="tests.unit.test_core" name="test_lifecycle_actions_are_the_three_manuscript_actions" time="0.000" /><testcase classname="tests.unit.test_core" name="test_supersede_requires_a_successor_hash" time="0.000" /><testcase classname="tests.unit.test_core" name="test_a_bundle_signature_cannot_be_replayed_as_a_lifecycle_signature" time="0.009" /><testcase classname="tests.unit.test_core" name="test_verification_detects_a_flipped_payload_bit" time="0.015" /><testcase classname="tests.unit.test_core" name="test_catalog_entry_order_does_not_reach_the_bundle_hash[case_a]" time="0.001" /><testcase classname="tests.unit.test_core" name="test_catalog_entry_order_does_not_reach_the_bundle_hash[case_b]" time="0.001" /><testcase classname="tests.unit.test_core" name="test_cstar_member_kind_order_does_not_reach_the_bundle_hash[case_a]" time="0.000" /><testcase classname="tests.unit.test_core" name="test_cstar_member_kind_order_does_not_reach_the_bundle_hash[case_b]" time="0.000" /><testcase classname="tests.unit.test_core" name="test_signature_envelope_is_excluded_from_the_catalog_content_hash[case_a]" time="0.000" /><testcase classname="tests.unit.test_core" name="test_signature_envelope_is_excluded_from_the_catalog_content_hash[case_b]" time="0.000" /><testcase classname="tests.unit.test_core" name="test_input_array_order_does_not_change_the_payload_hash[case_a]" time="0.045" /><testcase classname="tests.unit.test_core" name="test_input_array_order_does_not_change_the_payload_hash[case_b]" time="0.022" /><testcase classname="tests.unit.test_rfc8785" name="test_rfc8785_section_323_worked_example_key_order" time="0.000" /><testcase classname="tests.unit.test_rfc8785" name="test_ascii_keys_sort_by_code_unit" time="0.000" /><testcase classname="tests.unit.test_rfc8785" name="test_nested_objects_are_sorted_recursively" time="0.000" /><testcase classname="tests.unit.test_rfc8785" name="test_array_order_is_preserved_by_jcs" time="0.000" /><testcase classname="tests.unit.test_rfc8785" name="test_string_escaping[\x08-&quot;\\b&quot;]" time="0.000" /><testcase classname="tests.unit.test_rfc8785" name="test_string_escaping[\t-&quot;\\t&quot;]" time="0.000" /><testcase classname="tests.unit.test_rfc8785" name="test_string_escaping[\n-&quot;\\n&quot;]" time="0.000" /><testcase classname="tests.unit.test_rfc8785" name="test_string_escaping[\x0c-&quot;\\f&quot;]" time="0.000" /><testcase classname="tests.unit.test_rfc8785" name="test_string_escaping[\r-&quot;\\r&quot;]" time="0.000" /><testcase classname="tests.unit.test_rfc8785" name="test_string_escaping[&quot;-&quot;\\&quot;&quot;]" time="0.000" /><testcase classname="tests.unit.test_rfc8785" name="test_string_escaping[\\-&quot;\\\\&quot;]" time="0.000" /><testcase classname="tests.unit.test_rfc8785" name="test_string_escaping[\x00-&quot;\\u0000&quot;]" time="0.000" /><testcase classname="tests.unit.test_rfc8785" name="test_string_escaping[\x07-&quot;\\u0007&quot;]" time="0.000" /><testcase classname="tests.unit.test_rfc8785" name="test_string_escaping[\x1f-&quot;\\u001f&quot;]" time="0.000" /><testcase classname="tests.unit.test_rfc8785" name="test_string_escaping[ -&quot; &quot;]" time="0.000" /><testcase classname="tests.unit.test_rfc8785" name="test_string_escaping[/-&quot;/&quot;]" time="0.000" /><testcase classname="tests.unit.test_rfc8785" name="test_string_escaping[-&quot;&quot;]" time="0.000" /><testcase classname="tests.unit.test_rfc8785" name="test_string_escaping[\xe9-&quot;\xe9&quot;]" time="0.000" /><testcase classname="tests.unit.test_rfc8785" name="test_string_escaping[\x80-&quot;\x80&quot;]" time="0.000" /><testcase classname="tests.unit.test_rfc8785" name="test_output_is_utf8_without_bom" time="0.000" /><testcase classname="tests.unit.test_rfc8785" name="test_es6_number_to_string[0-0]" time="0.000" /><testcase classname="tests.unit.test_rfc8785" name="test_es6_number_to_string[0.0-0]" time="0.000" /><testcase classname="tests.unit.test_rfc8785" name="test_es6_number_to_string[-0.0-0]" time="0.000" /><testcase classname="tests.unit.test_rfc8785" name="test_es6_number_to_string[1-1]" time="0.000" /><testcase classname="tests.unit.test_rfc8785" name="test_es6_number_to_string[-1--1]" time="0.000" /><testcase classname="tests.unit.test_rfc8785" name="test_es6_number_to_string[1.0-1]" time="0.000" /><testcase classname="tests.unit.test_rfc8785" name="test_es6_number_to_string[1.5-1.5]" time="0.000" /><testcase classname="tests.unit.test_rfc8785" name="test_es6_number_to_string[-1.5--1.5]" time="0.000" /><testcase classname="tests.unit.test_rfc8785" name="test_es6_number_to_string[1e+21-1e+21]" time="0.000" /><testcase classname="tests.unit.test_rfc8785" name="test_es6_number_to_string[1e+20-100000000000000000000]" time="0.000" /><testcase classname="tests.unit.test_rfc8785" name="test_es6_number_to_string[1e-06-0.000001]" time="0.000" /><testcase classname="tests.unit.test_rfc8785" name="test_es6_number_to_string[1e-07-1e-7]" time="0.000" /><testcase classname="tests.unit.test_rfc8785" name="test_es6_number_to_string[5e-324-5e-324]" time="0.009" /><testcase classname="tests.unit.test_rfc8785" name="test_es6_number_to_string[1.7976931348623157e+308-1.7976931348623157e+308]" time="0.000" /><testcase classname="tests.unit.test_rfc8785" name="test_es6_number_to_string[9007199254740992.0-9007199254740992]" time="0.000" /><testcase classname="tests.unit.test_rfc8785" name="test_es6_number_to_string[333333333.3333333-333333333.3333333]" time="0.000" /><testcase classname="tests.unit.test_rfc8785" name="test_es6_number_to_string[2.2250738585072014e-308-2.2250738585072014e-308]" time="0.000" /><testcase classname="tests.unit.test_rfc8785" name="test_es6_number_to_string[1.1-1.1]" time="0.000" /><testcase classname="tests.unit.test_rfc8785" name="test_es6_number_to_string[100.0-100]" time="0.000" /><testcase classname="tests.unit.test_rfc8785" name="test_es6_number_to_string[-1e-07--1e-7]" time="0.000" /><testcase classname="tests.unit.test_rfc8785" name="test_numbers_round_trip_through_python_float" time="0.000" /><testcase classname="tests.unit.test_rfc8785" name="test_nan_and_infinity_are_rejected" time="0.000" /><testcase classname="tests.unit.test_rfc8785" name="test_non_string_keys_are_rejected" time="0.000" /><testcase classname="tests.unit.test_rfc8785" name="test_unrepresentable_types_are_rejected" time="0.000" /><testcase classname="tests.unit.test_rfc8785" name="test_oversized_integers_are_rejected" time="0.000" /><testcase classname="tests.unit.test_rfc8785" name="test_booleans_are_not_numbers" time="0.000" /><testcase classname="tests.unit.test_rfc8785" name="test_hash_is_stable_under_key_insertion_order" time="0.000" /><testcase classname="tests.unit.test_rfc8785" name="test_hash_is_sha256_of_canonical_bytes" time="0.001" /></testsuite></testsuites>