<?xml version="1.0" encoding="utf-8"?><testsuites><testsuite name="pytest" errors="0" failures="0" skipped="0" tests="139" time="4.894" timestamp="2026-09-08T23:32:00.757520+05:30" hostname="mac.lan"><testcase classname="tests.adversarial.test_corpus" name="test_adversarial_case[ADV-001]" time="0.000" /><testcase classname="tests.adversarial.test_corpus" name="test_adversarial_case[ADV-002]" time="0.000" /><testcase classname="tests.adversarial.test_corpus" name="test_adversarial_case[ADV-003]" time="0.000" /><testcase classname="tests.adversarial.test_corpus" name="test_adversarial_case[ADV-004]" time="0.000" /><testcase classname="tests.adversarial.test_corpus" name="test_adversarial_case[ADV-005]" time="0.000" /><testcase classname="tests.adversarial.test_corpus" name="test_adversarial_case[ADV-006]" time="0.000" /><testcase classname="tests.adversarial.test_corpus" name="test_adversarial_case[ADV-007]" time="0.000" /><testcase classname="tests.adversarial.test_corpus" name="test_adversarial_case[ADV-008]" time="0.000" /><testcase classname="tests.adversarial.test_corpus" name="test_adversarial_case[ADV-009]" time="0.000" /><testcase classname="tests.adversarial.test_corpus" name="test_adversarial_case[ADV-010]" time="0.000" /><testcase classname="tests.adversarial.test_corpus" name="test_adversarial_case[ADV-011]" time="0.000" /><testcase classname="tests.adversarial.test_corpus" name="test_adversarial_case[ADV-012]" time="0.000" /><testcase classname="tests.adversarial.test_corpus" name="test_adversarial_case[ADV-013]" time="0.000" /><testcase classname="tests.adversarial.test_corpus" name="test_adversarial_case[ADV-014]" time="0.000" /><testcase classname="tests.adversarial.test_corpus" name="test_adversarial_case[ADV-015]" time="0.000" /><testcase classname="tests.adversarial.test_corpus" name="test_adversarial_case[ADV-016]" time="0.000" /><testcase classname="tests.adversarial.test_corpus" name="test_adversarial_case[ADV-017]" time="0.000" /><testcase classname="tests.adversarial.test_corpus" name="test_adversarial_case[ADV-018]" time="0.000" /><testcase classname="tests.adversarial.test_corpus" name="test_adversarial_case[ADV-019]" time="0.000" /><testcase classname="tests.adversarial.test_corpus" name="test_adversarial_case[ADV-020]" time="0.000" /><testcase classname="tests.adversarial.test_corpus" name="test_adversarial_case[ADV-021]" time="0.000" /><testcase classname="tests.adversarial.test_corpus" name="test_adversarial_case[ADV-022]" time="0.000" /><testcase classname="tests.adversarial.test_corpus" name="test_adversarial_case[ADV-023]" time="0.000" /><testcase classname="tests.adversarial.test_corpus" name="test_adversarial_case[ADV-024]" time="0.000" /><testcase classname="tests.adversarial.test_corpus" name="test_adversarial_case[ADV-025]" time="0.000" /><testcase classname="tests.adversarial.test_corpus" name="test_adversarial_case[ADV-026]" time="0.000" /><testcase classname="tests.adversarial.test_corpus" name="test_adversarial_case[ADV-027]" time="0.000" /><testcase classname="tests.adversarial.test_corpus" name="test_adversarial_case[ADV-028]" time="0.000" /><testcase classname="tests.adversarial.test_corpus" name="test_adversarial_case[ADV-029]" time="0.000" /><testcase classname="tests.adversarial.test_corpus" name="test_adversarial_case[ADV-030]" time="0.000" /><testcase classname="tests.adversarial.test_corpus" name="test_adversarial_case[ADV-031]" time="0.000" /><testcase classname="tests.adversarial.test_corpus" name="test_adversarial_case[ADV-032]" time="0.000" /><testcase classname="tests.adversarial.test_corpus" name="test_adversarial_case[ADV-033]" time="0.000" /><testcase classname="tests.adversarial.test_corpus" name="test_adversarial_case[ADV-034]" time="0.000" /><testcase classname="tests.adversarial.test_corpus" name="test_adversarial_case[ADV-035]" time="0.000" /><testcase classname="tests.adversarial.test_corpus" name="test_adversarial_case[ADV-036]" time="0.000" /><testcase classname="tests.adversarial.test_corpus" name="test_adversarial_case[ADV-037]" time="0.000" /><testcase classname="tests.adversarial.test_corpus" name="test_adversarial_case[ADV-038]" time="0.000" /><testcase classname="tests.adversarial.test_corpus" name="test_adversarial_case[ADV-039]" time="0.000" /><testcase classname="tests.adversarial.test_corpus" name="test_adversarial_case[ADV-040]" time="0.000" /><testcase classname="tests.adversarial.test_corpus" name="test_adversarial_case[ADV-041]" time="0.000" /><testcase classname="tests.adversarial.test_corpus" name="test_adversarial_case[ADV-042]" time="0.000" /><testcase classname="tests.adversarial.test_corpus" name="test_adversarial_case[ADV-043]" time="0.000" /><testcase classname="tests.adversarial.test_corpus" name="test_adversarial_case[ADV-044]" time="0.000" /><testcase classname="tests.adversarial.test_corpus" name="test_adversarial_case[ADV-045]" time="0.000" /><testcase classname="tests.adversarial.test_corpus" name="test_adversarial_case[ADV-046]" time="0.000" /><testcase classname="tests.adversarial.test_corpus" name="test_adversarial_case[ADV-047]" time="0.000" /><testcase classname="tests.adversarial.test_corpus" name="test_adversarial_case[ADV-048]" time="0.000" /><testcase classname="tests.adversarial.test_corpus" name="test_adversarial_case[ADV-049]" time="0.000" /><testcase classname="tests.adversarial.test_corpus" name="test_adversarial_case[ADV-050]" time="0.000" /><testcase classname="tests.adversarial.test_corpus" name="test_adversarial_case[ADV-051]" time="0.000" /><testcase classname="tests.adversarial.test_corpus" name="test_adversarial_case[ADV-052]" time="0.000" /><testcase classname="tests.adversarial.test_corpus" name="test_adversarial_case[ADV-053]" time="0.000" /><testcase classname="tests.adversarial.test_corpus" name="test_adversarial_case[ADV-054]" time="0.000" /><testcase classname="tests.adversarial.test_corpus" name="test_adversarial_case[ADV-055]" time="0.000" /><testcase classname="tests.adversarial.test_corpus" name="test_adversarial_case[ADV-056]" time="0.000" /><testcase classname="tests.adversarial.test_corpus" name="test_adversarial_case[POS-001]" time="0.000" /><testcase classname="tests.adversarial.test_corpus" name="test_adversarial_case[POS-002]" time="0.000" /><testcase classname="tests.adversarial.test_corpus" name="test_adversarial_case[POS-003]" time="0.000" /><testcase classname="tests.adversarial.test_corpus" name="test_adversarial_case[POS-004]" time="0.000" /><testcase classname="tests.adversarial.test_corpus" name="test_adversarial_case[POS-005]" time="0.000" /><testcase classname="tests.adversarial.test_corpus" name="test_adversarial_case[POS-006]" time="0.000" /><testcase classname="tests.adversarial.test_corpus" name="test_corpus_covers_every_manuscript_failure_class" time="0.000" /><testcase classname="tests.adversarial.test_corpus" name="test_corpus_contains_positive_controls" time="0.000" /><testcase classname="tests.adversarial.test_corpus" name="test_structural_check[in_place_payload_mutation_breaks_hash:case_a]" time="0.000" /><testcase classname="tests.adversarial.test_corpus" name="test_structural_check[in_place_payload_mutation_breaks_signature:case_a]" time="0.000" /><testcase classname="tests.adversarial.test_corpus" name="test_structural_check[lifecycle_field_inside_payload_rejected:case_a]" time="0.000" /><testcase classname="tests.adversarial.test_corpus" name="test_structural_check[pre_retirement_receipt_remains_valid:case_a]" time="0.000" /><testcase classname="tests.adversarial.test_corpus" name="test_structural_check[post_retirement_receipt_is_invalid:case_a]" time="0.000" /><testcase classname="tests.adversarial.test_corpus" name="test_structural_check[wrong_bundle_hash_receipt_is_invalid:case_a]" time="0.000" /><testcase classname="tests.adversarial.test_corpus" name="test_structural_check[unauthorized_registry_record_does_not_retire:case_a]" time="0.000" /><testcase classname="tests.adversarial.test_corpus" name="test_structural_check[conflicting_mandatory_policies_are_indeterminate:case_a]" time="0.000" /><testcase classname="tests.adversarial.test_corpus" name="test_structural_check[unique_precedence_relation_resolves_the_conflict:case_a]" time="0.000" /><testcase classname="tests.adversarial.test_corpus" name="test_structural_check[soft_failure_never_overrides_mandatory_pass:case_a]" time="0.000" /><testcase classname="tests.adversarial.test_corpus" name="test_structural_check[conformant_runtime_accepted:case_a]" time="0.000" /><testcase classname="tests.adversarial.test_corpus" name="test_structural_check[state_mismatch_omitted_mandatory_predicate_detected:case_a]" time="0.000" /><testcase classname="tests.adversarial.test_corpus" name="test_structural_check[policy_injected_outside_bundle_detected:case_a]" time="0.000" /><testcase classname="tests.adversarial.test_corpus" name="test_structural_check[in_place_payload_mutation_breaks_hash:case_b]" time="0.000" /><testcase classname="tests.adversarial.test_corpus" name="test_structural_check[in_place_payload_mutation_breaks_signature:case_b]" time="0.000" /><testcase classname="tests.adversarial.test_corpus" name="test_structural_check[lifecycle_field_inside_payload_rejected:case_b]" time="0.000" /><testcase classname="tests.adversarial.test_corpus" name="test_structural_check[pre_retirement_receipt_remains_valid:case_b]" time="0.000" /><testcase classname="tests.adversarial.test_corpus" name="test_structural_check[post_retirement_receipt_is_invalid:case_b]" time="0.000" /><testcase classname="tests.adversarial.test_corpus" name="test_structural_check[wrong_bundle_hash_receipt_is_invalid:case_b]" time="0.000" /><testcase classname="tests.adversarial.test_corpus" name="test_structural_check[unauthorized_registry_record_does_not_retire:case_b]" time="0.000" /><testcase classname="tests.adversarial.test_corpus" name="test_structural_check[conflicting_mandatory_policies_are_indeterminate:case_b]" time="0.000" /><testcase classname="tests.adversarial.test_corpus" name="test_structural_check[unique_precedence_relation_resolves_the_conflict:case_b]" time="0.000" /><testcase classname="tests.adversarial.test_corpus" name="test_structural_check[soft_failure_never_overrides_mandatory_pass:case_b]" time="0.000" /><testcase classname="tests.adversarial.test_corpus" name="test_structural_check[conformant_runtime_accepted:case_b]" time="0.000" /><testcase classname="tests.adversarial.test_corpus" name="test_structural_check[state_mismatch_omitted_mandatory_predicate_detected:case_b]" time="0.000" /><testcase classname="tests.adversarial.test_corpus" name="test_structural_check[policy_injected_outside_bundle_detected:case_b]" time="0.000" /><testcase classname="tests.adversarial.test_corpus" name="test_validation_seed[VS-01]" time="0.000" /><testcase classname="tests.adversarial.test_corpus" name="test_validation_seed[VS-02]" time="0.000" /><testcase classname="tests.adversarial.test_corpus" name="test_validation_seed[VS-03]" time="0.000" /><testcase classname="tests.adversarial.test_no_inference" name="test_no_forbidden_imports[compiler.py]" time="0.006" /><testcase classname="tests.adversarial.test_no_inference" name="test_no_forbidden_imports[catalog.py]" time="0.002" /><testcase classname="tests.adversarial.test_no_inference" name="test_no_forbidden_imports[refinement.py]" time="0.002" /><testcase classname="tests.adversarial.test_no_inference" name="test_no_forbidden_imports[authority.py]" time="0.001" /><testcase classname="tests.adversarial.test_no_inference" name="test_no_forbidden_imports[coverage.py]" time="0.002" /><testcase classname="tests.adversarial.test_no_inference" name="test_no_forbidden_imports[canonicalization.py]" time="0.002" /><testcase classname="tests.adversarial.test_no_inference" name="test_no_forbidden_imports[validation.py]" time="0.003" /><testcase classname="tests.adversarial.test_no_inference" name="test_no_forbidden_imports[models.py]" time="0.002" /><testcase classname="tests.adversarial.test_no_inference" name="test_no_forbidden_imports[precedence.py]" time="0.001" /><testcase classname="tests.adversarial.test_no_inference" name="test_no_forbidden_imports[lifecycle.py]" time="0.001" /><testcase classname="tests.adversarial.test_no_inference" name="test_no_forbidden_imports[temporal.py]" time="0.001" /><testcase classname="tests.adversarial.test_no_inference" name="test_no_forbidden_imports[signatures.py]" time="0.002" /><testcase classname="tests.adversarial.test_no_inference" name="test_no_forbidden_imports[metrics.py]" time="0.002" /><testcase classname="tests.adversarial.test_no_inference" name="test_no_forbidden_imports[caseio.py]" time="0.001" /><testcase classname="tests.adversarial.test_no_inference" name="test_no_forbidden_imports[traceability.py]" time="0.002" /><testcase classname="tests.adversarial.test_no_inference" name="test_no_probabilistic_or_similarity_selection[compiler.py]" time="0.005" /><testcase classname="tests.adversarial.test_no_inference" name="test_no_probabilistic_or_similarity_selection[catalog.py]" time="0.001" /><testcase classname="tests.adversarial.test_no_inference" name="test_no_probabilistic_or_similarity_selection[refinement.py]" time="0.002" /><testcase classname="tests.adversarial.test_no_inference" name="test_no_probabilistic_or_similarity_selection[authority.py]" time="0.001" /><testcase classname="tests.adversarial.test_no_inference" name="test_no_probabilistic_or_similarity_selection[coverage.py]" time="0.002" /><testcase classname="tests.adversarial.test_no_inference" name="test_no_probabilistic_or_similarity_selection[canonicalization.py]" time="0.001" /><testcase classname="tests.adversarial.test_no_inference" name="test_no_probabilistic_or_similarity_selection[validation.py]" time="0.003" /><testcase classname="tests.adversarial.test_no_inference" name="test_no_probabilistic_or_similarity_selection[models.py]" time="0.002" /><testcase classname="tests.adversarial.test_no_inference" name="test_no_probabilistic_or_similarity_selection[precedence.py]" time="0.001" /><testcase classname="tests.adversarial.test_no_inference" name="test_no_probabilistic_or_similarity_selection[lifecycle.py]" time="0.001" /><testcase classname="tests.adversarial.test_no_inference" name="test_no_probabilistic_or_similarity_selection[temporal.py]" time="0.001" /><testcase classname="tests.adversarial.test_no_inference" name="test_no_probabilistic_or_similarity_selection[signatures.py]" time="0.002" /><testcase classname="tests.adversarial.test_no_inference" name="test_no_probabilistic_or_similarity_selection[metrics.py]" time="0.002" /><testcase classname="tests.adversarial.test_no_inference" name="test_no_probabilistic_or_similarity_selection[caseio.py]" time="0.001" /><testcase classname="tests.adversarial.test_no_inference" name="test_no_probabilistic_or_similarity_selection[traceability.py]" time="0.002" /><testcase classname="tests.adversarial.test_no_inference" name="test_no_clock_access_in_the_compiler_path[compiler.py]" time="0.005" /><testcase classname="tests.adversarial.test_no_inference" name="test_no_clock_access_in_the_compiler_path[catalog.py]" time="0.001" /><testcase classname="tests.adversarial.test_no_inference" name="test_no_clock_access_in_the_compiler_path[refinement.py]" time="0.002" /><testcase classname="tests.adversarial.test_no_inference" name="test_no_clock_access_in_the_compiler_path[authority.py]" time="0.001" /><testcase classname="tests.adversarial.test_no_inference" name="test_no_clock_access_in_the_compiler_path[coverage.py]" time="0.002" /><testcase classname="tests.adversarial.test_no_inference" name="test_no_clock_access_in_the_compiler_path[canonicalization.py]" time="0.001" /><testcase classname="tests.adversarial.test_no_inference" name="test_no_clock_access_in_the_compiler_path[validation.py]" time="0.002" /><testcase classname="tests.adversarial.test_no_inference" name="test_no_clock_access_in_the_compiler_path[models.py]" time="0.002" /><testcase classname="tests.adversarial.test_no_inference" name="test_no_clock_access_in_the_compiler_path[precedence.py]" time="0.001" /><testcase classname="tests.adversarial.test_no_inference" name="test_no_clock_access_in_the_compiler_path[lifecycle.py]" time="0.001" /><testcase classname="tests.adversarial.test_no_inference" name="test_no_clock_access_in_the_compiler_path[temporal.py]" time="0.001" /><testcase classname="tests.adversarial.test_no_inference" name="test_no_clock_access_in_the_compiler_path[signatures.py]" time="0.001" /><testcase classname="tests.adversarial.test_no_inference" name="test_no_clock_access_in_the_compiler_path[metrics.py]" time="0.002" /><testcase classname="tests.adversarial.test_no_inference" name="test_no_clock_access_in_the_compiler_path[caseio.py]" time="0.001" /><testcase classname="tests.adversarial.test_no_inference" name="test_no_clock_access_in_the_compiler_path[traceability.py]" time="0.002" /><testcase classname="tests.adversarial.test_no_inference" name="test_catalog_resolution_is_a_dict_lookup_only" time="0.001" /></testsuite></testsuites>