<?xml version="1.0" encoding="utf-8"?><testsuites><testsuite name="pytest" errors="0" failures="0" skipped="0" tests="438" time="28.440" timestamp="2026-09-12T17:22:57.552368+05:30" hostname="mac.lan"><properties>
[...]
</properties><testcase classname="tests.adversarial.test_case_b_v11_injections" name="test_all_thirteen_case_b_v11_injections_assert_exact_category_outcome" time="0.042" /><testcase classname="tests.adversarial.test_case_b_v11_injections" name="test_authorization_and_release_axes_are_independent_and_sum_correctly" time="0.000" /><testcase classname="tests.adversarial.test_case_b_v11_injections" name="test_toctou_row_keeps_safe_state_false_despite_blocked_release" time="0.000" /><testcase classname="tests.adversarial.test_case_b_v11_injections" name="test_every_scenario_row_satisfies_safe_state_of_authorization_decision" time="0.000" /><testcase classname="tests.adversarial.test_case_c_injections" name="test_all_case_c_injection_scenarios_pass" time="0.050" /><testcase classname="tests.adversarial.test_corpus" name="test_adversarial_case[ADV-001]" time="0.000" /><testcase classname="tests.adversarial.test_corpus" name="test_adversarial_case[ADV-002]" time="0.000" /><testcase classname="tests.adversarial.test_corpus" name="test_adversarial_case[ADV-003]" time="0.000" /><testcase classname="tests.adversarial.test_corpus" name="test_adversarial_case[ADV-004]" time="0.000" /><testcase classname="tests.adversarial.test_corpus" name="test_adversarial_case[ADV-005]" time="0.000" /><testcase classname="tests.adversarial.test_corpus" name="test_adversarial_case[ADV-006]" time="0.000" /><testcase classname="tests.adversarial.test_corpus" name="test_adversarial_case[ADV-007]" time="0.000" /><testcase classname="tests.adversarial.test_corpus" name="test_adversarial_case[ADV-008]" time="0.000" /><testcase classname="tests.adversarial.test_corpus" name="test_adversarial_case[ADV-009]" time="0.000" /><testcase classname="tests.adversarial.test_corpus" name="test_adversarial_case[ADV-010]" time="0.000" /><testcase classname="tests.adversarial.test_corpus" name="test_adversarial_case[ADV-011]" time="0.000" /><testcase classname="tests.adversarial.test_corpus" name="test_adversarial_case[ADV-012]" time="0.000" /><testcase classname="tests.adversarial.test_corpus" name="test_adversarial_case[ADV-013]" time="0.000" /><testcase classname="tests.adversarial.test_corpus" name="test_adversarial_case[ADV-014]" time="0.000" /><testcase classname="tests.adversarial.test_corpus" name="test_adversarial_case[ADV-015]" time="0.000" /><testcase classname="tests.adversarial.test_corpus" name="test_adversarial_case[ADV-016]" time="0.000" /><testcase classname="tests.adversarial.test_corpus" name="test_adversarial_case[ADV-017]" time="0.000" /><testcase classname="tests.adversarial.test_corpus" name="test_adversarial_case[ADV-018]" time="0.000" /><testcase classname="tests.adversarial.test_corpus" name="test_adversarial_case[ADV-019]" time="0.000" /><testcase classname="tests.adversarial.test_corpus" name="test_adversarial_case[ADV-020]" time="0.000" /><testcase classname="tests.adversarial.test_corpus" name="test_adversarial_case[ADV-021]" time="0.000" /><testcase classname="tests.adversarial.test_corpus" name="test_adversarial_case[ADV-022]" time="0.000" /><testcase classname="tests.adversarial.test_corpus" name="test_adversarial_case[ADV-023]" time="0.000" /><testcase classname="tests.adversarial.test_corpus" name="test_adversarial_case[ADV-024]" time="0.000" /><testcase classname="tests.adversarial.test_corpus" name="test_adversarial_case[ADV-025]" time="0.000" /><testcase classname="tests.adversarial.test_corpus" name="test_adversarial_case[ADV-026]" time="0.000" /><testcase classname="tests.adversarial.test_corpus" name="test_adversarial_case[ADV-027]" time="0.000" /><testcase classname="tests.adversarial.test_corpus" name="test_adversarial_case[ADV-028]" time="0.000" /><testcase classname="tests.adversarial.test_corpus" name="test_adversarial_case[ADV-029]" time="0.000" /><testcase classname="tests.adversarial.test_corpus" name="test_adversarial_case[ADV-030]" time="0.000" /><testcase classname="tests.adversarial.test_corpus" name="test_adversarial_case[ADV-031]" time="0.000" /><testcase classname="tests.adversarial.test_corpus" name="test_adversarial_case[ADV-032]" time="0.000" /><testcase classname="tests.adversarial.test_corpus" name="test_adversarial_case[ADV-033]" time="0.000" /><testcase classname="tests.adversarial.test_corpus" name="test_adversarial_case[ADV-034]" time="0.000" /><testcase classname="tests.adversarial.test_corpus" name="test_adversarial_case[ADV-035]" time="0.000" /><testcase classname="tests.adversarial.test_corpus" name="test_adversarial_case[ADV-036]" time="0.000" /><testcase classname="tests.adversarial.test_corpus" name="test_adversarial_case[ADV-037]" time="0.000" /><testcase classname="tests.adversarial.test_corpus" name="test_adversarial_case[ADV-038]" time="0.000" /><testcase classname="tests.adversarial.test_corpus" name="test_adversarial_case[ADV-039]" time="0.000" /><testcase classname="tests.adversarial.test_corpus" name="test_adversarial_case[ADV-040]" time="0.000" /><testcase classname="tests.adversarial.test_corpus" name="test_adversarial_case[ADV-041]" time="0.000" /><testcase classname="tests.adversarial.test_corpus" name="test_adversarial_case[ADV-042]" time="0.000" /><testcase classname="tests.adversarial.test_corpus" name="test_adversarial_case[ADV-043]" time="0.000" /><testcase classname="tests.adversarial.test_corpus" name="test_adversarial_case[ADV-044]" time="0.000" /><testcase classname="tests.adversarial.test_corpus" name="test_adversarial_case[ADV-045]" time="0.000" /><testcase classname="tests.adversarial.test_corpus" name="test_adversarial_case[ADV-046]" time="0.000" /><testcase classname="tests.adversarial.test_corpus" name="test_adversarial_case[ADV-047]" time="0.000" /><testcase classname="tests.adversarial.test_corpus" name="test_adversarial_case[ADV-048]" time="0.000" /><testcase classname="tests.adversarial.test_corpus" name="test_adversarial_case[ADV-049]" time="0.000" /><testcase classname="tests.adversarial.test_corpus" name="test_adversarial_case[ADV-050]" time="0.000" /><testcase classname="tests.adversarial.test_corpus" name="test_adversarial_case[ADV-051]" time="0.000" /><testcase classname="tests.adversarial.test_corpus" name="test_adversarial_case[ADV-052]" time="0.000" /><testcase classname="tests.adversarial.test_corpus" name="test_adversarial_case[ADV-053]" time="0.000" /><testcase classname="tests.adversarial.test_corpus" name="test_adversarial_case[ADV-054]" time="0.000" /><testcase classname="tests.adversarial.test_corpus" name="test_adversarial_case[ADV-055]" time="0.000" /><testcase classname="tests.adversarial.test_corpus" name="test_adversarial_case[ADV-056]" time="0.000" /><testcase classname="tests.adversarial.test_corpus" name="test_adversarial_case[POS-001]" time="0.000" /><testcase classname="tests.adversarial.test_corpus" name="test_adversarial_case[POS-002]" time="0.000" /><testcase classname="tests.adversarial.test_corpus" name="test_adversarial_case[POS-003]" time="0.000" /><testcase classname="tests.adversarial.test_corpus" name="test_adversarial_case[POS-004]" time="0.000" /><testcase classname="tests.adversarial.test_corpus" name="test_adversarial_case[POS-005]" time="0.000" /><testcase classname="tests.adversarial.test_corpus" name="test_adversarial_case[POS-006]" time="0.000" /><testcase classname="tests.adversarial.test_corpus" name="test_corpus_covers_every_manuscript_failure_class" time="0.000" /><testcase classname="tests.adversarial.test_corpus" name="test_corpus_contains_positive_controls" time="0.000" /><testcase classname="tests.adversarial.test_corpus" name="test_structural_check[in_place_payload_mutation_breaks_hash:case_a]" time="0.000" /><testcase classname="tests.adversarial.test_corpus" name="test_structural_check[in_place_payload_mutation_breaks_signature:case_a]" time="0.000" /><testcase classname="tests.adversarial.test_corpus" name="test_structural_check[lifecycle_field_inside_payload_rejected:case_a]" time="0.000" /><testcase classname="tests.adversarial.test_corpus" name="test_structural_check[pre_retirement_receipt_remains_valid:case_a]" time="0.000" /><testcase classname="tests.adversarial.test_corpus" name="test_structural_check[post_retirement_receipt_is_invalid:case_a]" time="0.000" /><testcase classname="tests.adversarial.test_corpus" name="test_structural_check[wrong_bundle_hash_receipt_is_invalid:case_a]" time="0.000" /><testcase classname="tests.adversarial.test_corpus" name="test_structural_check[unauthorized_registry_record_does_not_retire:case_a]" time="0.000" /><testcase classname="tests.adversarial.test_corpus" name="test_structural_check[conflicting_mandatory_policies_are_indeterminate:case_a]" time="0.000" /><testcase classname="tests.adversarial.test_corpus" name="test_structural_check[unique_precedence_relation_resolves_the_conflict:case_a]" time="0.000" /><testcase classname="tests.adversarial.test_corpus" name="test_structural_check[soft_failure_never_overrides_mandatory_pass:case_a]" time="0.000" /><testcase classname="tests.adversarial.test_corpus" name="test_structural_check[conformant_runtime_accepted:case_a]" time="0.000" /><testcase classname="tests.adversarial.test_corpus" name="test_structural_check[state_mismatch_omitted_mandatory_predicate_detected:case_a]" time="0.000" /><testcase classname="tests.adversarial.test_corpus" name="test_structural_check[policy_injected_outside_bundle_detected:case_a]" time="0.000" /><testcase classname="tests.adversarial.test_corpus" name="test_structural_check[in_place_payload_mutation_breaks_hash:case_b]" time="0.000" /><testcase classname="tests.adversarial.test_corpus" name="test_structural_check[in_place_payload_mutation_breaks_signature:case_b]" time="0.000" /><testcase classname="tests.adversarial.test_corpus" name="test_structural_check[lifecycle_field_inside_payload_rejected:case_b]" time="0.000" /><testcase classname="tests.adversarial.test_corpus" name="test_structural_check[pre_retirement_receipt_remains_valid:case_b]" time="0.000" /><testcase classname="tests.adversarial.test_corpus" name="test_structural_check[post_retirement_receipt_is_invalid:case_b]" time="0.000" /><testcase classname="tests.adversarial.test_corpus" name="test_structural_check[wrong_bundle_hash_receipt_is_invalid:case_b]" time="0.000" /><testcase classname="tests.adversarial.test_corpus" name="test_structural_check[unauthorized_registry_record_does_not_retire:case_b]" time="0.000" /><testcase classname="tests.adversarial.test_corpus" name="test_structural_check[conflicting_mandatory_policies_are_indeterminate:case_b]" time="0.000" /><testcase classname="tests.adversarial.test_corpus" name="test_structural_check[unique_precedence_relation_resolves_the_conflict:case_b]" time="0.000" /><testcase classname="tests.adversarial.test_corpus" name="test_structural_check[soft_failure_never_overrides_mandatory_pass:case_b]" time="0.000" /><testcase classname="tests.adversarial.test_corpus" name="test_structural_check[conformant_runtime_accepted:case_b]" time="0.000" /><testcase classname="tests.adversarial.test_corpus" name="test_structural_check[state_mismatch_omitted_mandatory_predicate_detected:case_b]" time="0.000" /><testcase classname="tests.adversarial.test_corpus" name="test_structural_check[policy_injected_outside_bundle_detected:case_b]" time="0.000" /><testcase classname="tests.adversarial.test_corpus" name="test_validation_seed[VS-01]" time="0.000" /><testcase classname="tests.adversarial.test_corpus" name="test_validation_seed[VS-02]" time="0.000" /><testcase classname="tests.adversarial.test_corpus" name="test_validation_seed[VS-03]" time="0.000" /><testcase classname="tests.adversarial.test_no_inference" name="test_no_forbidden_imports[compiler.py]" time="0.016" /><testcase classname="tests.adversarial.test_no_inference" name="test_no_forbidden_imports[catalog.py]" time="0.001" /><testcase classname="tests.adversarial.test_no_inference" name="test_no_forbidden_imports[refinement.py]" time="0.002" /><testcase classname="tests.adversarial.test_no_inference" name="test_no_forbidden_imports[authority.py]" time="0.001" /><testcase classname="tests.adversarial.test_no_inference" name="test_no_forbidden_imports[coverage.py]" time="0.002" /><testcase classname="tests.adversarial.test_no_inference" name="test_no_forbidden_imports[canonicalization.py]" time="0.001" /><testcase classname="tests.adversarial.test_no_inference" name="test_no_forbidden_imports[validation.py]" time="0.003" /><testcase classname="tests.adversarial.test_no_inference" name="test_no_forbidden_imports[models.py]" time="0.002" /><testcase classname="tests.adversarial.test_no_inference" name="test_no_forbidden_imports[precedence.py]" time="0.001" /><testcase classname="tests.adversarial.test_no_inference" name="test_no_forbidden_imports[lifecycle.py]" time="0.001" /><testcase classname="tests.adversarial.test_no_inference" name="test_no_forbidden_imports[temporal.py]" time="0.001" /><testcase classname="tests.adversarial.test_no_inference" name="test_no_forbidden_imports[signatures.py]" time="0.002" /><testcase classname="tests.adversarial.test_no_inference" name="test_no_forbidden_imports[metrics.py]" time="0.002" /><testcase classname="tests.adversarial.test_no_inference" name="test_no_forbidden_imports[caseio.py]" time="0.001" /><testcase classname="tests.adversarial.test_no_inference" name="test_no_forbidden_imports[traceability.py]" time="0.002" /><testcase classname="tests.adversarial.test_no_inference" name="test_no_probabilistic_or_similarity_selection[compiler.py]" time="0.006" /><testcase classname="tests.adversarial.test_no_inference" name="test_no_probabilistic_or_similarity_selection[catalog.py]" time="0.001" /><testcase classname="tests.adversarial.test_no_inference" name="test_no_probabilistic_or_similarity_selection[refinement.py]" time="0.002" /><testcase classname="tests.adversarial.test_no_inference" name="test_no_probabilistic_or_similarity_selection[authority.py]" time="0.001" /><testcase classname="tests.adversarial.test_no_inference" name="test_no_probabilistic_or_similarity_selection[coverage.py]" time="0.002" /><testcase classname="tests.adversarial.test_no_inference" name="test_no_probabilistic_or_similarity_selection[canonicalization.py]" time="0.001" /><testcase classname="tests.adversarial.test_no_inference" name="test_no_probabilistic_or_similarity_selection[validation.py]" time="0.003" /><testcase classname="tests.adversarial.test_no_inference" name="test_no_probabilistic_or_similarity_selection[models.py]" time="0.002" /><testcase classname="tests.adversarial.test_no_inference" name="test_no_probabilistic_or_similarity_selection[precedence.py]" time="0.001" /><testcase classname="tests.adversarial.test_no_inference" name="test_no_probabilistic_or_similarity_selection[lifecycle.py]" time="0.001" /><testcase classname="tests.adversarial.test_no_inference" name="test_no_probabilistic_or_similarity_selection[temporal.py]" time="0.001" /><testcase classname="tests.adversarial.test_no_inference" name="test_no_probabilistic_or_similarity_selection[signatures.py]" time="0.002" /><testcase classname="tests.adversarial.test_no_inference" name="test_no_probabilistic_or_similarity_selection[metrics.py]" time="0.002" /><testcase classname="tests.adversarial.test_no_inference" name="test_no_probabilistic_or_similarity_selection[caseio.py]" time="0.001" /><testcase classname="tests.adversarial.test_no_inference" name="test_no_probabilistic_or_similarity_selection[traceability.py]" time="0.002" /><testcase classname="tests.adversarial.test_no_inference" name="test_no_clock_access_in_the_compiler_path[compiler.py]" time="0.005" /><testcase classname="tests.adversarial.test_no_inference" name="test_no_clock_access_in_the_compiler_path[catalog.py]" time="0.001" /><testcase classname="tests.adversarial.test_no_inference" name="test_no_clock_access_in_the_compiler_path[refinement.py]" time="0.002" /><testcase classname="tests.adversarial.test_no_inference" name="test_no_clock_access_in_the_compiler_path[authority.py]" time="0.001" /><testcase classname="tests.adversarial.test_no_inference" name="test_no_clock_access_in_the_compiler_path[coverage.py]" time="0.002" /><testcase classname="tests.adversarial.test_no_inference" name="test_no_clock_access_in_the_compiler_path[canonicalization.py]" time="0.001" /><testcase classname="tests.adversarial.test_no_inference" name="test_no_clock_access_in_the_compiler_path[validation.py]" time="0.003" /><testcase classname="tests.adversarial.test_no_inference" name="test_no_clock_access_in_the_compiler_path[models.py]" time="0.002" /><testcase classname="tests.adversarial.test_no_inference" name="test_no_clock_access_in_the_compiler_path[precedence.py]" time="0.001" /><testcase classname="tests.adversarial.test_no_inference" name="test_no_clock_access_in_the_compiler_path[lifecycle.py]" time="0.001" /><testcase classname="tests.adversarial.test_no_inference" name="test_no_clock_access_in_the_compiler_path[temporal.py]" time="0.001" /><testcase classname="tests.adversarial.test_no_inference" name="test_no_clock_access_in_the_compiler_path[signatures.py]" time="0.001" /><testcase classname="tests.adversarial.test_no_inference" name="test_no_clock_access_in_the_compiler_path[metrics.py]" time="0.002" /><testcase classname="tests.adversarial.test_no_inference" name="test_no_clock_access_in_the_compiler_path[caseio.py]" time="0.001" /><testcase classname="tests.adversarial.test_no_inference" name="test_no_clock_access_in_the_compiler_path[traceability.py]" time="0.002" /><testcase classname="tests.adversarial.test_no_inference" name="test_catalog_resolution_is_a_dict_lookup_only" time="0.001" /><testcase classname="tests.integration.test_case_b_v11" name="test_six_risks_six_dispositions_nine_acs" time="0.087" /><testcase classname="tests.integration.test_case_b_v11" name="test_b01_disposition_names_three_acs_ids" time="0.000" /><testcase classname="tests.integration.test_case_b_v11" name="test_b02_disposition_names_two_acs_ids" time="0.000" /><testcase classname="tests.integration.test_case_b_v11" name="test_predicate_counts_are_nine_risk_derived_three_invariant" time="0.000" /><testcase classname="tests.integration.test_case_b_v11" name="test_no_acs_disappears_during_compilation" time="0.000" /><testcase classname="tests.integration.test_case_b_v11" name="test_schema_version_is_1_1" time="0.000" /><testcase classname="tests.integration.test_case_b_v11" name="test_hash_genuinely_differs_from_case_b_v10" time="0.000" /><testcase classname="tests.integration.test_case_b_v11" name="test_case_a_is_byte_identical_to_the_frozen_hash" time="0.000" /><testcase classname="tests.integration.test_case_b_v11" name="test_primary_metrics_match_expected" time="0.002" /><testcase classname="tests.integration.test_case_b_v11" name="test_canonical_q1_q10_all_pass_when_signed" time="0.010" /><testcase classname="tests.integration.test_case_b_v11" name="test_clean_control_permits" time="0.000" /><testcase classname="tests.integration.test_case_b_v11" name="test_acs_b01_01_state_binding_mismatch_holds" time="0.000" /><testcase classname="tests.integration.test_case_b_v11" name="test_acs_b01_02_known_prohibited_class_denies" time="0.000" /><testcase classname="tests.integration.test_case_b_v11" name="test_acs_b01_03_enhanced_approval_pending_holds" time="0.000" /><testcase classname="tests.integration.test_case_b_v11" name="test_acs_b01_03_enhanced_approval_expiry_denies" time="0.000" /><testcase classname="tests.integration.test_case_b_v11" name="test_acs_b02_01_absolute_ceiling_breach_denies_unconditionally" time="0.000" /><testcase classname="tests.integration.test_case_b_v11" name="test_acs_b02_02_escalation_expiry_denies" time="0.000" /><testcase classname="tests.integration.test_case_b_v11" name="test_acs_b03_01_evaluation_timeout_holds" time="0.000" /><testcase classname="tests.integration.test_case_b_v11" name="test_acs_b05_01_replay_via_state_binding_holds" time="0.000" /><testcase classname="tests.integration.test_case_b_v11" name="test_acs_b06_01_post_auth_failure_blocks_release_not_authorization" time="0.000" /><testcase classname="tests.integration.test_case_b_v11" name="test_inv_evidence_commit_is_post_auth_pre_actuation" time="0.000" /><testcase classname="tests.integration.test_case_b_v11_auxiliary" name="test_a1_is_applicable_and_detects_revoked_actor_scope" time="0.000" /><testcase classname="tests.integration.test_case_b_v11_auxiliary" name="test_a1_clean_actuation_before_revocation_passes" time="0.000" /><testcase classname="tests.integration.test_case_b_v11_auxiliary" name="test_a2_a3_a4_are_genuinely_not_applicable_to_case_b" time="0.000" /><testcase classname="tests.integration.test_case_b_v11_determinism" name="test_case_a_and_case_b_v11_determinism_is_1_0_over_62_runs" time="6.080" /><testcase classname="tests.integration.test_case_b_v11_monte_carlo" name="test_case_a_and_case_b_v11_monte_carlo_reproduces_historical_figures" time="11.364" /><testcase classname="tests.integration.test_case_c" name="test_case_is_marked_synthetic" time="0.000" /><testcase classname="tests.integration.test_case_c" name="test_structure_matches_the_manuscript_tables_v_vi" time="0.000" /><testcase classname="tests.integration.test_case_c" name="test_thirteen_runtime_three_nonruntime_dispositions" time="0.000" /><testcase classname="tests.integration.test_case_c" name="test_c06_c07_are_cstar_by_severity_but_exempt_from_coverage_via_rc06" time="0.000" /><testcase classname="tests.integration.test_case_c" name="test_seven_runtime_rows_are_cstar_classified" time="0.000" /><testcase classname="tests.integration.test_case_c" name="test_bundle_validates_against_schema" time="0.017" /><testcase classname="tests.integration.test_case_c" name="test_hash_matches_reference" time="0.000" /><testcase classname="tests.integration.test_case_c" name="test_canonical_q1_q10_all_pass_when_signed" time="0.011" /><testcase classname="tests.integration.test_case_c" name="test_clean_control_permits" time="0.000" /><testcase classname="tests.integration.test_case_c" name="test_c02_state_binding_mismatch_holds" time="0.000" /><testcase classname="tests.integration.test_case_c" name="test_c04_concurrence_pending_holds" time="0.000" /><testcase classname="tests.integration.test_case_c" name="test_c04_concurrence_expiry_denies" time="0.000" /><testcase classname="tests.integration.test_case_c" name="test_c14_evaluation_timeout_holds" time="0.000" /><testcase classname="tests.integration.test_case_c" name="test_c15_post_event_audit_excluded_from_authorization" time="0.000" /><testcase classname="tests.integration.test_case_c" name="test_c01_known_contraindication_denies" time="0.000" /><testcase classname="tests.integration.test_case_c" name="test_a1_actor_scope_revocation_over_case_c_actuation" time="0.000" /><testcase classname="tests.integration.test_case_c" name="test_a2_safety_event_correlates_to_case_c_bundle" time="0.000" /><testcase classname="tests.integration.test_case_c" name="test_a3_delegated_subtask_containment" time="0.000" /><testcase classname="tests.integration.test_case_c" name="test_a4_human_response_required_for_c08_guidance" time="0.000" /><testcase classname="tests.integration.test_cases" name="test_case_a_has_sixteen_register_rows" time="0.000" /><testcase classname="tests.integration.test_cases" name="test_case_a_disposition_counts" time="0.000" /><testcase classname="tests.integration.test_cases" name="test_case_a_is_declared_synthetic" time="0.001" /><testcase classname="tests.integration.test_cases" name="test_case_a_non_runtime_reason_codes" time="0.000" /><testcase classname="tests.integration.test_cases" name="test_case_a_c_star_membership" time="0.000" /><testcase classname="tests.integration.test_cases" name="test_case_a_gate_sources_match_the_manuscript_table" time="0.000" /><testcase classname="tests.integration.test_cases" name="test_case_a_r04_yields_a_weighted_and_an_advisory_predicate" time="0.000" /><testcase classname="tests.integration.test_cases" name="test_case_a_predicate_multiplicity" time="0.000" /><testcase classname="tests.integration.test_cases" name="test_case_a_mandatory_role_is_recorded_and_distinguishable" time="0.000" /><testcase classname="tests.integration.test_cases" name="test_case_a_r09_predicates_are_structural_not_semantic" time="0.000" /><testcase classname="tests.integration.test_cases" name="test_case_a_r08_warrant_boundary_disclaims_substantive_review" time="0.000" /><testcase classname="tests.integration.test_cases" name="test_case_b_has_six_rows_all_runtime_all_mandatory" time="0.000" /><testcase classname="tests.integration.test_cases" name="test_case_b_gate_sources_are_four_cstar_and_two_other" time="0.000" /><testcase classname="tests.integration.test_cases" name="test_case_b_b04_is_gated_by_class_at_the_bottom_of_the_register" time="0.000" /><testcase classname="tests.integration.test_cases" name="test_case_b_authority_matrix_admits_exactly_one_external_action" time="0.000" /><testcase classname="tests.integration.test_cases" name="test_case_b_is_declared_a_forensic_reconstruction" time="0.000" /><testcase classname="tests.integration.test_cases" name="test_bundle_payload_hash_is_reproducible[case_a]" time="0.005" /><testcase classname="tests.integration.test_cases" name="test_bundle_payload_hash_is_reproducible[case_b]" time="0.003" /><testcase classname="tests.integration.test_cases" name="test_recompiling_gives_the_same_hash[case_a]" time="0.058" /><testcase classname="tests.integration.test_cases" name="test_recompiling_gives_the_same_hash[case_b]" time="0.029" /><testcase classname="tests.integration.test_cases" name="test_catalog_and_cstar_profile_are_inside_the_bundle_hash[case_a]" time="0.001" /><testcase classname="tests.integration.test_cases" name="test_catalog_and_cstar_profile_are_inside_the_bundle_hash[case_b]" time="0.001" /><testcase classname="tests.integration.test_cases" name="test_bundle_inherits_the_assessment_version_binding[case_a]" time="0.000" /><testcase classname="tests.integration.test_cases" name="test_bundle_inherits_the_assessment_version_binding[case_b]" time="0.000" /><testcase classname="tests.integration.test_cases" name="test_committed_case_tree_matches_the_generator" time="0.107" /><testcase classname="tests.integration.test_provenance" name="test_case_a_every_acs_has_complete_provenance" time="0.000" /><testcase classname="tests.integration.test_provenance" name="test_case_b_historical_every_acs_has_complete_provenance" time="0.000" /><testcase classname="tests.integration.test_provenance" name="test_case_b_v1_1_every_acs_has_complete_provenance" time="0.000" /><testcase classname="tests.integration.test_provenance" name="test_case_c_every_acs_has_complete_provenance" time="0.000" /><testcase classname="tests.integration.test_provenance" name="test_the_three_new_v1_1_acs_have_full_provenance_not_just_prose" time="0.000" /><testcase classname="tests.integration.test_provenance" name="test_the_three_new_acs_have_distinct_semantic_purpose_and_own_gcir_id" time="0.000" /><testcase classname="tests.integration.test_provenance" name="test_an_acs_with_no_judgment_selection_is_rejected" time="0.001" /><testcase classname="tests.integration.test_provenance" name="test_an_acs_with_no_judgment_approval_is_rejected" time="0.001" /><testcase classname="tests.integration.test_provenance" name="test_an_acs_not_named_in_its_risks_disposition_is_rejected" time="0.001" /><testcase classname="tests.integration.test_provenance" name="test_an_acs_citing_a_nonexistent_obligation_is_rejected" time="0.001" /><testcase classname="tests.integration.test_provenance" name="test_an_acs_citing_a_nonexistent_risk_is_rejected" time="0.001" /><testcase classname="tests.properties.test_invariants" name="test_total_disposition_is_exactly_one_per_risk" time="0.149" /><testcase classname="tests.properties.test_invariants" name="test_predicate_cardinality_is_independent_of_risk_cardinality" time="0.142" /><testcase classname="tests.properties.test_invariants" name="test_authority_closure_rejects_every_tuple_outside_the_matrix" time="0.188" /><testcase classname="tests.properties.test_invariants" name="test_authority_closure_rejects_unapproved_parameters" time="0.852" /><testcase classname="tests.properties.test_invariants" name="test_mandatory_gate_requires_on_unknown_fail" time="0.011" /><testcase classname="tests.properties.test_invariants" name="test_mandatory_gate_requires_safe_state" time="0.005" /><testcase classname="tests.properties.test_invariants" name="test_unknown_on_a_mandatory_gate_never_resolves_to_pass" time="0.092" /><testcase classname="tests.properties.test_invariants" name="test_c_star_coverage_holds_exactly_when_every_hazardous_path_is_gated" time="0.184" /><testcase classname="tests.properties.test_invariants" name="test_supporting_predicates_never_satisfy_coverage" time="0.127" /><testcase classname="tests.properties.test_invariants" name="test_origin_closure" time="0.267" /><testcase classname="tests.properties.test_invariants" name="test_canonicalization_is_invariant_under_object_key_order" time="0.183" /><testcase classname="tests.properties.test_invariants" name="test_any_payload_edit_changes_the_hash" time="0.322" /><testcase classname="tests.properties.test_invariants" name="test_forbidden_payload_keys_are_always_detected" time="0.462" /><testcase classname="tests.properties.test_invariants" name="test_commit_before_actuate_ordering" time="0.063" /><testcase classname="tests.properties.test_invariants" name="test_valid_at_conjuncts" time="0.184" /><testcase classname="tests.properties.test_invariants" name="test_valid_at_requires_the_payload_hash_to_bind" time="0.152" /><testcase classname="tests.unit.test_core" name="test_reason_codes_are_closed_at_v1_and_match_the_manuscript" time="0.000" /><testcase classname="tests.unit.test_core" name="test_wc01_is_a_warning_code_not_a_reason_code" time="0.000" /><testcase classname="tests.unit.test_core" name="test_evaluation_basis_is_the_closed_set_of_four" time="0.000" /><testcase classname="tests.unit.test_core" name="test_gate_vocabularies" time="0.000" /><testcase classname="tests.unit.test_core" name="test_c_star_base_profile_is_the_four_manuscript_kinds" time="0.000" /><testcase classname="tests.unit.test_core" name="test_case_profiles_are_the_base_profile[case_a]" time="0.000" /><testcase classname="tests.unit.test_core" name="test_case_profiles_are_the_base_profile[case_b]" time="0.000" /><testcase classname="tests.unit.test_core" name="test_materiality_qualifies_c_star_membership" time="0.000" /><testcase classname="tests.unit.test_core" name="test_unknown_materiality_is_rejected_not_silently_treated_as_low" time="0.000" /><testcase classname="tests.unit.test_core" name="test_catalog_lookup_is_exact_and_has_no_fallback" time="0.000" /><testcase classname="tests.unit.test_core" name="test_payload_carries_no_timestamp_nonce_or_lifecycle_field[case_a]" time="0.001" /><testcase classname="tests.unit.test_core" name="test_payload_carries_no_timestamp_nonce_or_lifecycle_field[case_b]" time="0.000" /><testcase classname="tests.unit.test_core" name="test_signature_envelope_lives_outside_the_hashed_payload[case_a]" time="0.015" /><testcase classname="tests.unit.test_core" name="test_signature_envelope_lives_outside_the_hashed_payload[case_b]" time="0.007" /><testcase classname="tests.unit.test_core" name="test_two_signings_differ_in_envelope_but_not_in_payload_hash[case_a]" time="0.019" /><testcase classname="tests.unit.test_core" name="test_two_signings_differ_in_envelope_but_not_in_payload_hash[case_b]" time="0.010" /><testcase classname="tests.unit.test_core" name="test_compiled_predicate_validity_carries_effective_from_only[case_a]" time="0.000" /><testcase classname="tests.unit.test_core" name="test_compiled_predicate_validity_carries_effective_from_only[case_b]" time="0.000" /><testcase classname="tests.unit.test_core" name="test_totality_is_asserted_over_dispositions_not_predicate_cardinality" time="0.000" /><testcase classname="tests.unit.test_core" name="test_non_runtime_records_need_no_action_or_gate_fields" time="0.000" /><testcase classname="tests.unit.test_core" name="test_every_predicate_has_an_authorized_origin[case_a]" time="0.000" /><testcase classname="tests.unit.test_core" name="test_every_predicate_has_an_authorized_origin[case_b]" time="0.000" /><testcase classname="tests.unit.test_core" name="test_the_three_manuscript_invariants_are_present[case_a]" time="0.000" /><testcase classname="tests.unit.test_core" name="test_the_three_manuscript_invariants_are_present[case_b]" time="0.000" /><testcase classname="tests.unit.test_core" name="test_register_row_and_coinciding_invariant_keep_distinct_origins" time="0.000" /><testcase classname="tests.unit.test_core" name="test_every_mandatory_gate_fails_closed_on_unknown[case_a]" time="0.000" /><testcase classname="tests.unit.test_core" name="test_every_mandatory_gate_fails_closed_on_unknown[case_b]" time="0.000" /><testcase classname="tests.unit.test_core" name="test_non_mandatory_conditions_may_warn_on_unknown" time="0.000" /><testcase classname="tests.unit.test_core" name="test_every_numeric_condition_carries_a_complete_threshold_contract[case_a]" time="0.000" /><testcase classname="tests.unit.test_core" name="test_every_numeric_condition_carries_a_complete_threshold_contract[case_b]" time="0.000" /><testcase classname="tests.unit.test_core" name="test_threshold_authority_is_separated_from_evaluation[case_a]" time="0.000" /><testcase classname="tests.unit.test_core" name="test_threshold_authority_is_separated_from_evaluation[case_b]" time="0.000" /><testcase classname="tests.unit.test_core" name="test_weighted_predicates_carry_a_complete_aggregation_block" time="0.000" /><testcase classname="tests.unit.test_core" name="test_mandatory_failure_outranks_everything" time="0.000" /><testcase classname="tests.unit.test_core" name="test_weighted_or_advisory_never_overrides_a_mandatory_pass" time="0.000" /><testcase classname="tests.unit.test_core" name="test_unknown_evidence_on_a_mandatory_gate_produces_safe_state" time="0.000" /><testcase classname="tests.unit.test_core" name="test_conflicting_mandatory_policies_without_precedence_are_indeterminate" time="0.001" /><testcase classname="tests.unit.test_core" name="test_commit_before_actuate_is_strict_on_the_second_inequality" time="0.000" /><testcase classname="tests.unit.test_core" name="test_local_time_offsets_are_rejected" time="0.000" /><testcase classname="tests.unit.test_core" name="test_valid_at_six_scenarios" time="0.030" /><testcase classname="tests.unit.test_core" name="test_lifecycle_actions_are_the_three_manuscript_actions" time="0.000" /><testcase classname="tests.unit.test_core" name="test_supersede_requires_a_successor_hash" time="0.000" /><testcase classname="tests.unit.test_core" name="test_a_bundle_signature_cannot_be_replayed_as_a_lifecycle_signature" time="0.010" /><testcase classname="tests.unit.test_core" name="test_verification_detects_a_flipped_payload_bit" time="0.015" /><testcase classname="tests.unit.test_core" name="test_catalog_entry_order_does_not_reach_the_bundle_hash[case_a]" time="0.001" /><testcase classname="tests.unit.test_core" name="test_catalog_entry_order_does_not_reach_the_bundle_hash[case_b]" time="0.001" /><testcase classname="tests.unit.test_core" name="test_cstar_member_kind_order_does_not_reach_the_bundle_hash[case_a]" time="0.000" /><testcase classname="tests.unit.test_core" name="test_cstar_member_kind_order_does_not_reach_the_bundle_hash[case_b]" time="0.000" /><testcase classname="tests.unit.test_core" name="test_signature_envelope_is_excluded_from_the_catalog_content_hash[case_a]" time="0.000" /><testcase classname="tests.unit.test_core" name="test_signature_envelope_is_excluded_from_the_catalog_content_hash[case_b]" time="0.000" /><testcase classname="tests.unit.test_core" name="test_input_array_order_does_not_change_the_payload_hash[case_a]" time="0.046" /><testcase classname="tests.unit.test_core" name="test_input_array_order_does_not_change_the_payload_hash[case_b]" time="0.023" /><testcase classname="tests.unit.test_result_display" name="test_known_frozen_values" time="0.036" /><testcase classname="tests.unit.test_result_display" name="test_json_cli" time="0.073" /><testcase classname="tests.unit.test_result_display" name="test_text_sections" time="0.033" /><testcase classname="tests.unit.test_result_display" name="test_corrupt_source_fails[metrics.json]" time="0.044" /><testcase classname="tests.unit.test_result_display" name="test_corrupt_source_fails[monte_carlo_summary.json]" time="0.044" /><testcase classname="tests.unit.test_result_display" name="test_corrupt_source_fails[property_tests.json]" time="0.043" /><testcase classname="tests.unit.test_result_display" name="test_corrupt_source_fails[freeze_verification.json]" time="0.039" /><testcase classname="tests.unit.test_result_display" name="test_missing_evidence_fails" time="0.034" /><testcase classname="tests.unit.test_result_display" name="test_missing_ci_leg_fails" time="0.038" /><testcase classname="tests.unit.test_result_display" name="test_stale_readme_is_nonmutating" time="0.067" /><testcase classname="tests.unit.test_result_display" name="test_updater_preserves_every_byte_outside_markers" time="0.121" /><testcase classname="tests.unit.test_result_display" name="test_invalid_markers_rejected[]" time="0.000" /><testcase classname="tests.unit.test_result_display" name="test_invalid_markers_rejected[&lt;!-- END AUTO-GENERATED MEASURED RESULTS --&gt;&lt;!-- BEGIN AUTO-GENERATED MEASURED RESULTS --&gt;]" time="0.000" /><testcase classname="tests.unit.test_result_display" name="test_invalid_markers_rejected[&lt;!-- BEGIN AUTO-GENERATED MEASURED RESULTS --&gt;&lt;!-- BEGIN AUTO-GENERATED MEASURED RESULTS --&gt;&lt;!-- END AUTO-GENERATED MEASURED RESULTS --&gt;]" time="0.000" /><testcase classname="tests.unit.test_result_display" name="test_provenance_document_matches_loader" time="0.031" /><testcase classname="tests.unit.test_result_display" name="test_redirected_text_preserves_unicode_under_ascii_locale" time="0.070" /><testcase classname="tests.unit.test_rfc8785" name="test_rfc8785_section_323_worked_example_key_order" time="0.000" /><testcase classname="tests.unit.test_rfc8785" name="test_ascii_keys_sort_by_code_unit" time="0.000" /><testcase classname="tests.unit.test_rfc8785" name="test_nested_objects_are_sorted_recursively" time="0.000" /><testcase classname="tests.unit.test_rfc8785" name="test_array_order_is_preserved_by_jcs" time="0.000" /><testcase classname="tests.unit.test_rfc8785" name="test_string_escaping[\x08-&quot;\\b&quot;]" time="0.000" /><testcase classname="tests.unit.test_rfc8785" name="test_string_escaping[\t-&quot;\\t&quot;]" time="0.000" /><testcase classname="tests.unit.test_rfc8785" name="test_string_escaping[\n-&quot;\\n&quot;]" time="0.000" /><testcase classname="tests.unit.test_rfc8785" name="test_string_escaping[\x0c-&quot;\\f&quot;]" time="0.000" /><testcase classname="tests.unit.test_rfc8785" name="test_string_escaping[\r-&quot;\\r&quot;]" time="0.000" /><testcase classname="tests.unit.test_rfc8785" name="test_string_escaping[&quot;-&quot;\\&quot;&quot;]" time="0.000" /><testcase classname="tests.unit.test_rfc8785" name="test_string_escaping[\\-&quot;\\\\&quot;]" time="0.000" /><testcase classname="tests.unit.test_rfc8785" name="test_string_escaping[\x00-&quot;\\u0000&quot;]" time="0.000" /><testcase classname="tests.unit.test_rfc8785" name="test_string_escaping[\x07-&quot;\\u0007&quot;]" time="0.000" /><testcase classname="tests.unit.test_rfc8785" name="test_string_escaping[\x1f-&quot;\\u001f&quot;]" time="0.000" /><testcase classname="tests.unit.test_rfc8785" name="test_string_escaping[ -&quot; &quot;]" time="0.000" /><testcase classname="tests.unit.test_rfc8785" name="test_string_escaping[/-&quot;/&quot;]" time="0.000" /><testcase classname="tests.unit.test_rfc8785" name="test_string_escaping[-&quot;&quot;]" time="0.000" /><testcase classname="tests.unit.test_rfc8785" name="test_string_escaping[\xe9-&quot;\xe9&quot;]" time="0.000" /><testcase classname="tests.unit.test_rfc8785" name="test_string_escaping[\x80-&quot;\x80&quot;]" time="0.000" /><testcase classname="tests.unit.test_rfc8785" name="test_output_is_utf8_without_bom" time="0.000" /><testcase classname="tests.unit.test_rfc8785" name="test_es6_number_to_string[0-0]" time="0.000" /><testcase classname="tests.unit.test_rfc8785" name="test_es6_number_to_string[0.0-0]" time="0.000" /><testcase classname="tests.unit.test_rfc8785" name="test_es6_number_to_string[-0.0-0]" time="0.000" /><testcase classname="tests.unit.test_rfc8785" name="test_es6_number_to_string[1-1]" time="0.000" /><testcase classname="tests.unit.test_rfc8785" name="test_es6_number_to_string[-1--1]" time="0.000" /><testcase classname="tests.unit.test_rfc8785" name="test_es6_number_to_string[1.0-1]" time="0.000" /><testcase classname="tests.unit.test_rfc8785" name="test_es6_number_to_string[1.5-1.5]" time="0.000" /><testcase classname="tests.unit.test_rfc8785" name="test_es6_number_to_string[-1.5--1.5]" time="0.000" /><testcase classname="tests.unit.test_rfc8785" name="test_es6_number_to_string[1e+21-1e+21]" time="0.000" /><testcase classname="tests.unit.test_rfc8785" name="test_es6_number_to_string[1e+20-100000000000000000000]" time="0.000" /><testcase classname="tests.unit.test_rfc8785" name="test_es6_number_to_string[1e-06-0.000001]" time="0.000" /><testcase classname="tests.unit.test_rfc8785" name="test_es6_number_to_string[1e-07-1e-7]" time="0.000" /><testcase classname="tests.unit.test_rfc8785" name="test_es6_number_to_string[5e-324-5e-324]" time="0.000" /><testcase classname="tests.unit.test_rfc8785" name="test_es6_number_to_string[1.7976931348623157e+308-1.7976931348623157e+308]" time="0.000" /><testcase classname="tests.unit.test_rfc8785" name="test_es6_number_to_string[9007199254740992.0-9007199254740992]" time="0.000" /><testcase classname="tests.unit.test_rfc8785" name="test_es6_number_to_string[333333333.3333333-333333333.3333333]" time="0.000" /><testcase classname="tests.unit.test_rfc8785" name="test_es6_number_to_string[2.2250738585072014e-308-2.2250738585072014e-308]" time="0.000" /><testcase classname="tests.unit.test_rfc8785" name="test_es6_number_to_string[1.1-1.1]" time="0.000" /><testcase classname="tests.unit.test_rfc8785" name="test_es6_number_to_string[100.0-100]" time="0.000" /><testcase classname="tests.unit.test_rfc8785" name="test_es6_number_to_string[-1e-07--1e-7]" time="0.000" /><testcase classname="tests.unit.test_rfc8785" name="test_numbers_round_trip_through_python_float" time="0.000" /><testcase classname="tests.unit.test_rfc8785" name="test_nan_and_infinity_are_rejected" time="0.000" /><testcase classname="tests.unit.test_rfc8785" name="test_non_string_keys_are_rejected" time="0.000" /><testcase classname="tests.unit.test_rfc8785" name="test_unrepresentable_types_are_rejected" time="0.000" /><testcase classname="tests.unit.test_rfc8785" name="test_oversized_integers_are_rejected" time="0.000" /><testcase classname="tests.unit.test_rfc8785" name="test_booleans_are_not_numbers" time="0.000" /><testcase classname="tests.unit.test_rfc8785" name="test_hash_is_stable_under_key_insertion_order" time="0.000" /><testcase classname="tests.unit.test_rfc8785" name="test_hash_is_sha256_of_canonical_bytes" time="0.000" /><testcase classname="tests.unit.test_v1_1" name="test_safe_state_of_is_the_single_formula" time="0.000" /><testcase classname="tests.unit.test_v1_1" name="test_safe_state_of_rejects_outside_the_closed_decision_set" time="0.000" /><testcase classname="tests.unit.test_v1_1" name="test_decisions_vocabulary_is_exactly_three" time="0.000" /><testcase classname="tests.unit.test_v1_1" name="test_canonical_q1_q10_all_pass_on_the_real_case_a_bundle" time="0.015" /><testcase classname="tests.unit.test_v1_1" name="test_canonical_q1_q10_all_pass_on_the_real_case_b_bundle" time="0.007" /><testcase classname="tests.unit.test_v1_1" name="test_q9_with_the_real_catalog_is_a_strong_check_not_the_fallback" time="0.000" /><testcase classname="tests.unit.test_v1_1" name="test_every_negative_fixture_is_detected_by_its_targeted_query[negative_q10_multiple_violations]" time="0.021" /><testcase classname="tests.unit.test_v1_1" name="test_every_negative_fixture_is_detected_by_its_targeted_query[negative_q10_not_fail_closed]" time="0.020" /><testcase classname="tests.unit.test_v1_1" name="test_every_negative_fixture_is_detected_by_its_targeted_query[negative_q1_undisposed_obligation]" time="0.020" /><testcase classname="tests.unit.test_v1_1" name="test_every_negative_fixture_is_detected_by_its_targeted_query[negative_q2_duplicate_disposition]" time="0.021" /><testcase classname="tests.unit.test_v1_1" name="test_every_negative_fixture_is_detected_by_its_targeted_query[negative_q3_acs_id_not_disposed]" time="0.021" /><testcase classname="tests.unit.test_v1_1" name="test_every_negative_fixture_is_detected_by_its_targeted_query[negative_q3_unknown_origin_type]" time="0.020" /><testcase classname="tests.unit.test_v1_1" name="test_every_negative_fixture_is_detected_by_its_targeted_query[negative_q4_invalid_effective_from]" time="0.020" /><testcase classname="tests.unit.test_v1_1" name="test_every_negative_fixture_is_detected_by_its_targeted_query[negative_q4_invalid_hash]" time="0.031" /><testcase classname="tests.unit.test_v1_1" name="test_every_negative_fixture_is_detected_by_its_targeted_query[negative_q4_stale_hash]" time="0.020" /><testcase classname="tests.unit.test_v1_1" name="test_every_negative_fixture_is_detected_by_its_targeted_query[negative_q5_permit_eligibility_mismatch]" time="0.020" /><testcase classname="tests.unit.test_v1_1" name="test_every_negative_fixture_is_detected_by_its_targeted_query[negative_q5_timeout_response_not_hold]" time="0.020" /><testcase classname="tests.unit.test_v1_1" name="test_every_negative_fixture_is_detected_by_its_targeted_query[negative_q6_envelope_hash_mismatch]" time="0.020" /><testcase classname="tests.unit.test_v1_1" name="test_every_negative_fixture_is_detected_by_its_targeted_query[negative_q6_missing_envelope]" time="0.021" /><testcase classname="tests.unit.test_v1_1" name="test_every_negative_fixture_is_detected_by_its_targeted_query[negative_q7_compiler_invariant_only]" time="0.020" /><testcase classname="tests.unit.test_v1_1" name="test_every_negative_fixture_is_detected_by_its_targeted_query[negative_q7_missing_predicate]" time="0.020" /><testcase classname="tests.unit.test_v1_1" name="test_every_negative_fixture_is_detected_by_its_targeted_query[negative_q8_missing_predicate_reference]" time="0.021" /><testcase classname="tests.unit.test_v1_1" name="test_every_negative_fixture_is_detected_by_its_targeted_query[negative_q8_unused_decisive_predicate]" time="0.021" /><testcase classname="tests.unit.test_v1_1" name="test_every_negative_fixture_is_detected_by_its_targeted_query[negative_q9_empty_producer]" time="0.020" /><testcase classname="tests.unit.test_v1_1" name="test_every_negative_fixture_is_detected_by_its_targeted_query[negative_q9_invalid_producer]" time="0.035" /><testcase classname="tests.unit.test_v1_1" name="test_negative_fixtures_do_not_silently_reuse_the_invented_shape" time="0.000" /><testcase classname="tests.unit.test_v1_1" name="test_a_genuinely_clean_bundle_still_passes_after_negative_fixture_generation" time="0.016" /><testcase classname="tests.unit.test_v1_1" name="test_v10_predicate_with_no_v11_field_behaves_exactly_as_before" time="0.000" /><testcase classname="tests.unit.test_v1_1" name="test_evaluation_timeout_forces_hold_never_a_partial_permit" time="0.001" /><testcase classname="tests.unit.test_v1_1" name="test_state_binding_mismatch_is_hold_not_denial_of_the_predicates_own_outcome" time="0.001" /><testcase classname="tests.unit.test_v1_1" name="test_state_binding_match_permits_normally" time="0.001" /><testcase classname="tests.unit.test_v1_1" name="test_concurrence_pending_is_hold" time="0.001" /><testcase classname="tests.unit.test_v1_1" name="test_concurrence_window_expiry_is_deny_never_a_timeout" time="0.001" /><testcase classname="tests.unit.test_v1_1" name="test_concurrence_satisfied_permits" time="0.001" /><testcase classname="tests.unit.test_v1_1" name="test_post_auth_pre_actuation_blocks_release_without_denying_authorization" time="0.001" /><testcase classname="tests.unit.test_v1_1" name="test_toctou_style_permit_then_block_release_leaves_safe_state_false" time="0.001" /><testcase classname="tests.unit.test_v1_1" name="test_post_auth_predicate_excluded_from_permit_aggregate_when_it_would_have_failed" time="0.001" /><testcase classname="tests.unit.test_v1_1" name="test_unknown_predicate_in_evaluations_raises" time="0.000" /><testcase classname="tests.unit.test_v1_1" name="test_a1_detects_actuation_after_revocation" time="0.000" /><testcase classname="tests.unit.test_v1_1" name="test_a1_permits_actuation_before_revocation" time="0.000" /><testcase classname="tests.unit.test_v1_1" name="test_a2_detects_correlation_to_the_wrong_bundle" time="0.000" /><testcase classname="tests.unit.test_v1_1" name="test_a2_accepts_correctly_correlated_event" time="0.000" /><testcase classname="tests.unit.test_v1_1" name="test_a2_missing_correlation_detected" time="0.000" /><testcase classname="tests.unit.test_v1_1" name="test_a3_rejects_identical_child_as_not_a_delegation" time="0.000" /><testcase classname="tests.unit.test_v1_1" name="test_a3_rejects_child_wider_than_parent" time="0.000" /><testcase classname="tests.unit.test_v1_1" name="test_a3_accepts_a_genuinely_narrower_child" time="0.000" /><testcase classname="tests.unit.test_v1_1" name="test_a4_detects_missing_human_response" time="0.000" /><testcase classname="tests.unit.test_v1_1" name="test_a4_optional_response_policy_needs_no_response" time="0.000" /><testcase classname="tests.unit.test_v1_1" name="test_run_all_auxiliary_checks_reports_not_applicable_when_evidence_absent" time="0.000" /><testcase classname="tests.unit.test_v1_1" name="test_irreversible_physical_harm_is_classified_c_star" time="0.000" /><testcase classname="tests.unit.test_v1_1" name="test_requires_intervention_physical_harm_is_classified_c_star" time="0.000" /><testcase classname="tests.unit.test_v1_1" name="test_reversible_physical_harm_is_excluded_despite_material_materiality" time="0.000" /><testcase classname="tests.unit.test_v1_1" name="test_partially_reversible_physical_harm_is_excluded" time="0.000" /><testcase classname="tests.unit.test_v1_1" name="test_a_profile_declaring_no_reversibility_qualifier_is_unaffected" time="0.000" /><testcase classname="tests.unit.test_v1_1" name="test_case_a_and_case_b_cstar_profiles_declare_no_reversibility_qualifier" time="0.000" /><testcase classname="tests.unit.test_v1_1" name="test_case_c_physical_harm_to_person_declares_the_manuscript_qualifier" time="0.000" /><testcase classname="tests.unit.test_v1_1" name="test_case_c_reversible_guidance_rows_are_excluded_from_c_star_by_reversibility" time="0.000" /><testcase classname="tests.unit.test_verify_reported_results" name="test_map_exists_and_is_populated" time="0.000" /><testcase classname="tests.unit.test_verify_reported_results" name="test_every_entry_is_fully_specified" time="0.000" /><testcase classname="tests.unit.test_verify_reported_results" name="test_entry_ids_are_unique" time="0.000" /><testcase classname="tests.unit.test_verify_reported_results" name="test_every_result_file_exists" time="0.000" /><testcase classname="tests.unit.test_verify_reported_results" name="test_deferred_quantities_carry_no_value" time="0.000" /><testcase classname="tests.unit.test_verify_reported_results" name="test_verifier_passes_on_the_committed_evidence" time="0.025" /><testcase classname="tests.unit.test_verify_reported_results" name="test_verifier_json_mode_is_wellformed" time="0.023" /><testcase classname="tests.unit.test_verify_reported_results" name="test_missing_map_exits_two" time="0.001" /><testcase classname="tests.unit.test_verify_reported_results" name="test_verifier_fails_when_a_reported_value_is_wrong[TD-0.999]" time="0.024" /><testcase classname="tests.unit.test_verify_reported_results" name="test_verifier_fails_when_a_reported_value_is_wrong[DC-A-0.9]" time="0.024" /><testcase classname="tests.unit.test_verify_reported_results" name="test_verifier_fails_when_a_reported_value_is_wrong[GDMIN-A-4]" time="0.027" /><testcase classname="tests.unit.test_verify_reported_results" name="test_verifier_fails_when_a_reported_value_is_wrong[MC-FPHEAT-0.321]" time="0.028" /><testcase classname="tests.unit.test_verify_reported_results" name="test_verifier_fails_when_a_reported_value_is_wrong[MC-K-100000]" time="0.024" /><testcase classname="tests.unit.test_verify_reported_results" name="test_verifier_fails_when_a_reported_value_is_wrong[H-A-0000000000000000000000000000000000000000000000000000000000000000]" time="0.023" /><testcase classname="tests.unit.test_verify_reported_results" name="test_verifier_fails_when_a_reported_value_is_wrong[ADV-61]" time="0.024" /><testcase classname="tests.unit.test_verify_reported_results" name="test_verifier_fails_when_a_reported_value_is_wrong[TRACE-CLEAN-False]" time="0.026" /><testcase classname="tests.unit.test_verify_reported_results" name="test_verifier_fails_on_an_unknown_field" time="0.026" /><testcase classname="tests.unit.test_verify_reported_results" name="test_verifier_fails_on_a_missing_result_file" time="0.024" /><testcase classname="tests.unit.test_verify_reported_results" name="test_cross_checks_catch_a_tampered_payload_hash" time="0.082" /><testcase classname="tests.unit.test_verify_reported_results" name="test_cross_checks_pass_on_the_untouched_repository" time="0.021" /><testcase classname="tests.unit.test_verify_reported_results" name="test_command_line_entry_point_succeeds" time="0.059" /><testcase classname="tests.unit.test_verify_reported_results" name="test_missing_git_tag_is_skipped_not_failed" time="0.002" /><testcase classname="tests.unit.test_verify_reported_results" name="test_wrong_git_tag_commit_still_fails" time="0.002" /><testcase classname="tests.unit.test_verify_reported_results" name="test_json_mode_reports_skips_separately" time="0.029" /></testsuite></testsuites>